2018-10-24 10:03:31.989 [main] INFO [org.springframework.test.context.support.AbstractTestContextBootstrapper.getDefaultTestExecutionListenerClassNames] - Loaded default TestExecutionListener class names from location [META-INF/spring.factories]: [org.springframework.test.context.web.ServletTestExecutionListener, org.springframework.test.context.support.DirtiesContextBeforeModesTestExecutionListener, org.springframework.test.context.support.DependencyInjectionTestExecutionListener, org.springframework.test.context.support.DirtiesContextTestExecutionListener, org.springframework.test.context.transaction.TransactionalTestExecutionListener, org.springframework.test.context.jdbc.SqlScriptsTestExecutionListener]
2018-10-24 10:03:32.016 [main] INFO [org.springframework.test.context.support.AbstractTestContextBootstrapper.instantiateListeners] - Could not instantiate TestExecutionListener [org.springframework.test.context.web.ServletTestExecutionListener]. Specify custom listener classes or make the default listener classes (and their required dependencies) available. Offending class: [javax/servlet/ServletContext]
2018-10-24 10:03:32.019 [main] INFO [org.springframework.test.context.support.AbstractTestContextBootstrapper.getTestExecutionListeners] - Using TestExecutionListeners: [org.springframework.test.context.support.DirtiesContextBeforeModesTestExecutionListener@20ce78ec, org.springframework.test.context.support.DependencyInjectionTestExecutionListener@393671df, org.springframework.test.context.support.DirtiesContextTestExecutionListener@56620197, org.springframework.test.context.transaction.TransactionalTestExecutionListener@6eda5c9, org.springframework.test.context.jdbc.SqlScriptsTestExecutionListener@55b7a4e0]
2018-10-24 10:03:32.188 [main] INFO [org.springframework.beans.factory.xml.XmlBeanDefinitionReader.loadBeanDefinitions] - Loading XML bean definitions from class path resource [applicationContext.xml]
2018-10-24 10:03:32.532 [main] INFO [org.springframework.context.support.AbstractApplicationContext.prepareRefresh] - Refreshing org.springframework.context.support.GenericApplicationContext@77847718: startup date [Wed Oct 24 10:03:32 CST 2018]; root of context hierarchy
2018-10-24 10:03:32.998 [MLog-Init-Reporter] INFO [com.mchange.v2.log.slf4j.Slf4jMLog$Slf4jMLogger$InfoLogger.log] - MLog clients using slf4j logging.
2018-10-24 10:03:33.314 [main] INFO [com.mchange.v2.log.slf4j.Slf4jMLog$Slf4jMLogger$InfoLogger.log] - Initializing c3p0-0.9.5.2 [built 08-December-2015 22:06:04 -0800; debug? true; trace: 10]
2018-10-24 10:03:33.549 [main] DEBUG [org.springframework.jdbc.datasource.DataSourceUtils.doGetConnection] - Fetching JDBC Connection from DataSource
2018-10-24 10:03:33.570 [main] INFO [com.mchange.v2.log.slf4j.Slf4jMLog$Slf4jMLogger$InfoLogger.log] - Initializing c3p0 pool... com.mchange.v2.c3p0.ComboPooledDataSource [ acquireIncrement -> 3, acquireRetryAttempts -> 30, acquireRetryDelay -> 1000, autoCommitOnClose -> false, automaticTestTable -> null, breakAfterAcquireFailure -> false, checkoutTimeout -> 0, connectionCustomizerClassName -> null, connectionTesterClassName -> com.mchange.v2.c3p0.impl.DefaultConnectionTester, contextClassLoaderSource -> caller, dataSourceName -> 31sqiy9y19ga23t8q816h|205d38da, debugUnreturnedConnectionStackTraces -> false, description -> null, driverClass -> com.mysql.jdbc.Driver, extensions -> {}, factoryClassLocation -> null, forceIgnoreUnresolvedTransactions -> false, forceSynchronousCheckins -> false, forceUseNamedDriverClass -> false, identityToken -> 31sqiy9y19ga23t8q816h|205d38da, idleConnectionTestPeriod -> 0, initialPoolSize -> 3, jdbcUrl -> jdbc:mysql://localhost:3306/ssm, maxAdministrativeTaskTime -> 0, maxConnectionAge -> 0, maxIdleTime -> 0, maxIdleTimeExcessConnections -> 0, maxPoolSize -> 15, maxStatements -> 0, maxStatementsPerConnection -> 0, minPoolSize -> 3, numHelperThreads -> 3, preferredTestQuery -> null, privilegeSpawnedThreads -> false, properties -> {user=******, password=******}, propertyCycle -> 0, statementCacheNumDeferredCloseThreads -> 0, testConnectionOnCheckin -> false, testConnectionOnCheckout -> false, unreturnedConnectionTimeout -> 0, userOverrides -> {}, usesTraditionalReflectiveProxies -> false ]
2018-10-24 10:03:33.960 [main] DEBUG [org.apache.ibatis.logging.jdbc.BaseJdbcLogger.debug] - ==>  Preparing: select * from account 
2018-10-24 10:03:34.001 [main] DEBUG [org.apache.ibatis.logging.jdbc.BaseJdbcLogger.debug] - ==> Parameters: 
2018-10-24 10:03:34.024 [main] DEBUG [org.apache.ibatis.logging.jdbc.BaseJdbcLogger.debug] - <==      Total: 3
2018-10-24 10:03:34.029 [main] DEBUG [org.springframework.jdbc.datasource.DataSourceUtils.doReleaseConnection] - Returning JDBC Connection to DataSource
2018-10-24 10:03:34.033 [Thread-1] INFO [org.springframework.context.support.AbstractApplicationContext.doClose] - Closing org.springframework.context.support.GenericApplicationContext@77847718: startup date [Wed Oct 24 10:03:32 CST 2018]; root of context hierarchy
2018-10-24 10:44:16.558 [main] INFO [org.springframework.test.context.support.AbstractTestContextBootstrapper.getDefaultTestExecutionListenerClassNames] - Loaded default TestExecutionListener class names from location [META-INF/spring.factories]: [org.springframework.test.context.web.ServletTestExecutionListener, org.springframework.test.context.support.DirtiesContextBeforeModesTestExecutionListener, org.springframework.test.context.support.DependencyInjectionTestExecutionListener, org.springframework.test.context.support.DirtiesContextTestExecutionListener, org.springframework.test.context.transaction.TransactionalTestExecutionListener, org.springframework.test.context.jdbc.SqlScriptsTestExecutionListener]
2018-10-24 10:44:16.579 [main] INFO [org.springframework.test.context.support.AbstractTestContextBootstrapper.getTestExecutionListeners] - Using TestExecutionListeners: [org.springframework.test.context.web.ServletTestExecutionListener@14dd9eb7, org.springframework.test.context.support.DirtiesContextBeforeModesTestExecutionListener@52e6fdee, org.springframework.test.context.support.DependencyInjectionTestExecutionListener@6c80d78a, org.springframework.test.context.support.DirtiesContextTestExecutionListener@62150f9e, org.springframework.test.context.transaction.TransactionalTestExecutionListener@1a451d4d, org.springframework.test.context.jdbc.SqlScriptsTestExecutionListener@7fa98a66]
2018-10-24 10:44:16.656 [main] INFO [org.springframework.beans.factory.xml.XmlBeanDefinitionReader.loadBeanDefinitions] - Loading XML bean definitions from class path resource [applicationContext.xml]
2018-10-24 10:44:16.937 [main] INFO [org.springframework.context.support.AbstractApplicationContext.prepareRefresh] - Refreshing org.springframework.context.support.GenericApplicationContext@6aeb35e6: startup date [Wed Oct 24 10:44:16 CST 2018]; root of context hierarchy
2018-10-24 10:44:17.555 [MLog-Init-Reporter] INFO [com.mchange.v2.log.slf4j.Slf4jMLog$Slf4jMLogger$InfoLogger.log] - MLog clients using slf4j logging.
2018-10-24 10:44:17.970 [main] INFO [com.mchange.v2.log.slf4j.Slf4jMLog$Slf4jMLogger$InfoLogger.log] - Initializing c3p0-0.9.5.2 [built 08-December-2015 22:06:04 -0800; debug? true; trace: 10]
2018-10-24 10:44:18.276 [main] DEBUG [org.springframework.jdbc.datasource.DataSourceUtils.doGetConnection] - Fetching JDBC Connection from DataSource
2018-10-24 10:44:18.302 [main] INFO [com.mchange.v2.log.slf4j.Slf4jMLog$Slf4jMLogger$InfoLogger.log] - Initializing c3p0 pool... com.mchange.v2.c3p0.ComboPooledDataSource [ acquireIncrement -> 3, acquireRetryAttempts -> 30, acquireRetryDelay -> 1000, autoCommitOnClose -> false, automaticTestTable -> null, breakAfterAcquireFailure -> false, checkoutTimeout -> 0, connectionCustomizerClassName -> null, connectionTesterClassName -> com.mchange.v2.c3p0.impl.DefaultConnectionTester, contextClassLoaderSource -> caller, dataSourceName -> 31sqiy9y19hqgdfwgoxgw|4fa1c212, debugUnreturnedConnectionStackTraces -> false, description -> null, driverClass -> com.mysql.jdbc.Driver, extensions -> {}, factoryClassLocation -> null, forceIgnoreUnresolvedTransactions -> false, forceSynchronousCheckins -> false, forceUseNamedDriverClass -> false, identityToken -> 31sqiy9y19hqgdfwgoxgw|4fa1c212, idleConnectionTestPeriod -> 0, initialPoolSize -> 3, jdbcUrl -> jdbc:mysql://localhost:3306/ssm, maxAdministrativeTaskTime -> 0, maxConnectionAge -> 0, maxIdleTime -> 0, maxIdleTimeExcessConnections -> 0, maxPoolSize -> 15, maxStatements -> 0, maxStatementsPerConnection -> 0, minPoolSize -> 3, numHelperThreads -> 3, preferredTestQuery -> null, privilegeSpawnedThreads -> false, properties -> {user=******, password=******}, propertyCycle -> 0, statementCacheNumDeferredCloseThreads -> 0, testConnectionOnCheckin -> false, testConnectionOnCheckout -> false, unreturnedConnectionTimeout -> 0, userOverrides -> {}, usesTraditionalReflectiveProxies -> false ]
2018-10-24 10:44:18.709 [main] DEBUG [org.apache.ibatis.logging.jdbc.BaseJdbcLogger.debug] - ==>  Preparing: select * from account 
2018-10-24 10:44:18.749 [main] DEBUG [org.apache.ibatis.logging.jdbc.BaseJdbcLogger.debug] - ==> Parameters: 
2018-10-24 10:44:18.773 [main] DEBUG [org.apache.ibatis.logging.jdbc.BaseJdbcLogger.debug] - <==      Total: 3
2018-10-24 10:44:18.778 [main] DEBUG [org.springframework.jdbc.datasource.DataSourceUtils.doReleaseConnection] - Returning JDBC Connection to DataSource
2018-10-24 10:44:18.782 [Thread-1] INFO [org.springframework.context.support.AbstractApplicationContext.doClose] - Closing org.springframework.context.support.GenericApplicationContext@6aeb35e6: startup date [Wed Oct 24 10:44:16 CST 2018]; root of context hierarchy
2018-10-24 11:20:57.869 [main] INFO [org.springframework.test.context.support.AbstractTestContextBootstrapper.getDefaultTestExecutionListenerClassNames] - Loaded default TestExecutionListener class names from location [META-INF/spring.factories]: [org.springframework.test.context.web.ServletTestExecutionListener, org.springframework.test.context.support.DirtiesContextBeforeModesTestExecutionListener, org.springframework.test.context.support.DependencyInjectionTestExecutionListener, org.springframework.test.context.support.DirtiesContextTestExecutionListener, org.springframework.test.context.transaction.TransactionalTestExecutionListener, org.springframework.test.context.jdbc.SqlScriptsTestExecutionListener]
2018-10-24 11:20:57.893 [main] INFO [org.springframework.test.context.support.AbstractTestContextBootstrapper.getTestExecutionListeners] - Using TestExecutionListeners: [org.springframework.test.context.web.ServletTestExecutionListener@7334aada, org.springframework.test.context.support.DirtiesContextBeforeModesTestExecutionListener@1d9b7cce, org.springframework.test.context.support.DependencyInjectionTestExecutionListener@4d9e68d0, org.springframework.test.context.support.DirtiesContextTestExecutionListener@42e99e4a, org.springframework.test.context.transaction.TransactionalTestExecutionListener@14dd9eb7, org.springframework.test.context.jdbc.SqlScriptsTestExecutionListener@52e6fdee]
2018-10-24 11:20:57.981 [main] INFO [org.springframework.beans.factory.xml.XmlBeanDefinitionReader.loadBeanDefinitions] - Loading XML bean definitions from class path resource [applicationContext.xml]
2018-10-24 11:20:58.453 [main] INFO [org.springframework.context.support.AbstractApplicationContext.prepareRefresh] - Refreshing org.springframework.context.support.GenericApplicationContext@7d8995e: startup date [Wed Oct 24 11:20:58 CST 2018]; root of context hierarchy
2018-10-24 11:20:59.944 [main] DEBUG [org.springframework.transaction.support.AbstractPlatformTransactionManager.getTransaction] - Creating new transaction with name [com.itheima.service.impl.AccountServiceImpl.findAll]: PROPAGATION_REQUIRED,ISOLATION_DEFAULT,readOnly
2018-10-24 11:21:00.377 [main] DEBUG [org.springframework.jdbc.datasource.DataSourceTransactionManager.doBegin] - Acquired Connection [com.mchange.v2.c3p0.impl.NewProxyConnection@58ebfd03] for JDBC transaction
2018-10-24 11:21:00.380 [main] DEBUG [org.springframework.jdbc.datasource.DataSourceUtils.prepareConnectionForTransaction] - Setting JDBC Connection [com.mchange.v2.c3p0.impl.NewProxyConnection@58ebfd03] read-only
2018-10-24 11:21:00.381 [main] DEBUG [org.springframework.jdbc.datasource.DataSourceTransactionManager.doBegin] - Switching JDBC Connection [com.mchange.v2.c3p0.impl.NewProxyConnection@58ebfd03] to manual commit
2018-10-24 11:21:00.408 [main] DEBUG [org.apache.ibatis.logging.jdbc.BaseJdbcLogger.debug] - ==>  Preparing: select * from account 
2018-10-24 11:21:00.467 [main] DEBUG [org.apache.ibatis.logging.jdbc.BaseJdbcLogger.debug] - ==> Parameters: 
2018-10-24 11:21:00.501 [main] DEBUG [org.apache.ibatis.logging.jdbc.BaseJdbcLogger.debug] - <==      Total: 3
2018-10-24 11:21:00.520 [main] DEBUG [org.springframework.transaction.support.AbstractPlatformTransactionManager.processCommit] - Initiating transaction commit
2018-10-24 11:21:00.521 [main] DEBUG [org.springframework.jdbc.datasource.DataSourceTransactionManager.doCommit] - Committing JDBC transaction on Connection [com.mchange.v2.c3p0.impl.NewProxyConnection@58ebfd03]
2018-10-24 11:21:00.522 [main] DEBUG [org.springframework.jdbc.datasource.DataSourceUtils.resetConnectionAfterTransaction] - Resetting read-only flag of JDBC Connection [com.mchange.v2.c3p0.impl.NewProxyConnection@58ebfd03]
2018-10-24 11:21:00.522 [main] DEBUG [org.springframework.jdbc.datasource.DataSourceTransactionManager.doCleanupAfterCompletion] - Releasing JDBC Connection [com.mchange.v2.c3p0.impl.NewProxyConnection@58ebfd03] after transaction
2018-10-24 11:21:00.522 [main] DEBUG [org.springframework.jdbc.datasource.DataSourceUtils.doReleaseConnection] - Returning JDBC Connection to DataSource
2018-10-24 11:21:00.527 [Thread-1] INFO [org.springframework.context.support.AbstractApplicationContext.doClose] - Closing org.springframework.context.support.GenericApplicationContext@7d8995e: startup date [Wed Oct 24 11:20:58 CST 2018]; root of context hierarchy
2018-10-24 12:51:53.856 [main] INFO [org.springframework.test.context.support.AbstractTestContextBootstrapper.getDefaultTestExecutionListenerClassNames] - Loaded default TestExecutionListener class names from location [META-INF/spring.factories]: [org.springframework.test.context.web.ServletTestExecutionListener, org.springframework.test.context.support.DirtiesContextBeforeModesTestExecutionListener, org.springframework.test.context.support.DependencyInjectionTestExecutionListener, org.springframework.test.context.support.DirtiesContextTestExecutionListener, org.springframework.test.context.transaction.TransactionalTestExecutionListener, org.springframework.test.context.jdbc.SqlScriptsTestExecutionListener]
2018-10-24 12:51:53.879 [main] INFO [org.springframework.test.context.support.AbstractTestContextBootstrapper.getTestExecutionListeners] - Using TestExecutionListeners: [org.springframework.test.context.web.ServletTestExecutionListener@7334aada, org.springframework.test.context.support.DirtiesContextBeforeModesTestExecutionListener@1d9b7cce, org.springframework.test.context.support.DependencyInjectionTestExecutionListener@4d9e68d0, org.springframework.test.context.support.DirtiesContextTestExecutionListener@42e99e4a, org.springframework.test.context.transaction.TransactionalTestExecutionListener@14dd9eb7, org.springframework.test.context.jdbc.SqlScriptsTestExecutionListener@52e6fdee]
2018-10-24 12:51:53.958 [main] INFO [org.springframework.beans.factory.xml.XmlBeanDefinitionReader.loadBeanDefinitions] - Loading XML bean definitions from class path resource [applicationContext.xml]
2018-10-24 12:51:54.342 [main] INFO [org.springframework.context.support.AbstractApplicationContext.prepareRefresh] - Refreshing org.springframework.context.support.GenericApplicationContext@7d8995e: startup date [Wed Oct 24 12:51:54 CST 2018]; root of context hierarchy
2018-10-24 12:51:55.919 [main] DEBUG [org.springframework.transaction.support.AbstractPlatformTransactionManager.getTransaction] - Creating new transaction with name [com.itheima.service.impl.AccountServiceImpl.findAll]: PROPAGATION_REQUIRED,ISOLATION_DEFAULT,readOnly
2018-10-24 12:51:56.358 [main] DEBUG [org.springframework.jdbc.datasource.DataSourceTransactionManager.doBegin] - Acquired Connection [com.mchange.v2.c3p0.impl.NewProxyConnection@58ebfd03] for JDBC transaction
2018-10-24 12:51:56.362 [main] DEBUG [org.springframework.jdbc.datasource.DataSourceUtils.prepareConnectionForTransaction] - Setting JDBC Connection [com.mchange.v2.c3p0.impl.NewProxyConnection@58ebfd03] read-only
2018-10-24 12:51:56.362 [main] DEBUG [org.springframework.jdbc.datasource.DataSourceTransactionManager.doBegin] - Switching JDBC Connection [com.mchange.v2.c3p0.impl.NewProxyConnection@58ebfd03] to manual commit
2018-10-24 12:51:56.388 [main] DEBUG [org.apache.ibatis.logging.jdbc.BaseJdbcLogger.debug] - ==>  Preparing: select * from account 
2018-10-24 12:51:56.440 [main] DEBUG [org.apache.ibatis.logging.jdbc.BaseJdbcLogger.debug] - ==> Parameters: 
2018-10-24 12:51:56.478 [main] DEBUG [org.apache.ibatis.logging.jdbc.BaseJdbcLogger.debug] - <==      Total: 3
2018-10-24 12:51:56.501 [main] DEBUG [org.springframework.transaction.support.AbstractPlatformTransactionManager.processCommit] - Initiating transaction commit
2018-10-24 12:51:56.501 [main] DEBUG [org.springframework.jdbc.datasource.DataSourceTransactionManager.doCommit] - Committing JDBC transaction on Connection [com.mchange.v2.c3p0.impl.NewProxyConnection@58ebfd03]
2018-10-24 12:51:56.502 [main] DEBUG [org.springframework.jdbc.datasource.DataSourceUtils.resetConnectionAfterTransaction] - Resetting read-only flag of JDBC Connection [com.mchange.v2.c3p0.impl.NewProxyConnection@58ebfd03]
2018-10-24 12:51:56.502 [main] DEBUG [org.springframework.jdbc.datasource.DataSourceTransactionManager.doCleanupAfterCompletion] - Releasing JDBC Connection [com.mchange.v2.c3p0.impl.NewProxyConnection@58ebfd03] after transaction
2018-10-24 12:51:56.502 [main] DEBUG [org.springframework.jdbc.datasource.DataSourceUtils.doReleaseConnection] - Returning JDBC Connection to DataSource
2018-10-24 12:51:56.507 [Thread-1] INFO [org.springframework.context.support.AbstractApplicationContext.doClose] - Closing org.springframework.context.support.GenericApplicationContext@7d8995e: startup date [Wed Oct 24 12:51:54 CST 2018]; root of context hierarchy
2018-10-24 13:08:07.010 [main] INFO [org.springframework.test.context.support.AbstractTestContextBootstrapper.getDefaultTestExecutionListenerClassNames] - Loaded default TestExecutionListener class names from location [META-INF/spring.factories]: [org.springframework.test.context.web.ServletTestExecutionListener, org.springframework.test.context.support.DirtiesContextBeforeModesTestExecutionListener, org.springframework.test.context.support.DependencyInjectionTestExecutionListener, org.springframework.test.context.support.DirtiesContextTestExecutionListener, org.springframework.test.context.transaction.TransactionalTestExecutionListener, org.springframework.test.context.jdbc.SqlScriptsTestExecutionListener]
2018-10-24 13:08:07.033 [main] INFO [org.springframework.test.context.support.AbstractTestContextBootstrapper.getTestExecutionListeners] - Using TestExecutionListeners: [org.springframework.test.context.web.ServletTestExecutionListener@7334aada, org.springframework.test.context.support.DirtiesContextBeforeModesTestExecutionListener@1d9b7cce, org.springframework.test.context.support.DependencyInjectionTestExecutionListener@4d9e68d0, org.springframework.test.context.support.DirtiesContextTestExecutionListener@42e99e4a, org.springframework.test.context.transaction.TransactionalTestExecutionListener@14dd9eb7, org.springframework.test.context.jdbc.SqlScriptsTestExecutionListener@52e6fdee]
2018-10-24 13:08:07.120 [main] INFO [org.springframework.beans.factory.xml.XmlBeanDefinitionReader.loadBeanDefinitions] - Loading XML bean definitions from class path resource [applicationContext.xml]
2018-10-24 13:08:07.509 [main] INFO [org.springframework.context.support.AbstractApplicationContext.prepareRefresh] - Refreshing org.springframework.context.support.GenericApplicationContext@7d8995e: startup date [Wed Oct 24 13:08:07 CST 2018]; root of context hierarchy
2018-10-24 13:08:09.413 [main] DEBUG [org.springframework.transaction.support.AbstractPlatformTransactionManager.getTransaction] - Creating new transaction with name [com.itheima.service.impl.AccountServiceImpl.findAll]: PROPAGATION_REQUIRED,ISOLATION_DEFAULT,readOnly
2018-10-24 13:08:09.850 [main] DEBUG [org.springframework.jdbc.datasource.DataSourceTransactionManager.doBegin] - Acquired Connection [com.mchange.v2.c3p0.impl.NewProxyConnection@5b43fbf6] for JDBC transaction
2018-10-24 13:08:09.855 [main] DEBUG [org.springframework.jdbc.datasource.DataSourceUtils.prepareConnectionForTransaction] - Setting JDBC Connection [com.mchange.v2.c3p0.impl.NewProxyConnection@5b43fbf6] read-only
2018-10-24 13:08:09.855 [main] DEBUG [org.springframework.jdbc.datasource.DataSourceTransactionManager.doBegin] - Switching JDBC Connection [com.mchange.v2.c3p0.impl.NewProxyConnection@5b43fbf6] to manual commit
2018-10-24 13:08:09.883 [main] DEBUG [org.apache.ibatis.logging.jdbc.BaseJdbcLogger.debug] - ==>  Preparing: select * from account 
2018-10-24 13:08:09.939 [main] DEBUG [org.apache.ibatis.logging.jdbc.BaseJdbcLogger.debug] - ==> Parameters: 
2018-10-24 13:08:09.976 [main] DEBUG [org.apache.ibatis.logging.jdbc.BaseJdbcLogger.debug] - <==      Total: 3
2018-10-24 13:08:09.999 [main] DEBUG [org.springframework.transaction.support.AbstractPlatformTransactionManager.processCommit] - Initiating transaction commit
2018-10-24 13:08:09.999 [main] DEBUG [org.springframework.jdbc.datasource.DataSourceTransactionManager.doCommit] - Committing JDBC transaction on Connection [com.mchange.v2.c3p0.impl.NewProxyConnection@5b43fbf6]
2018-10-24 13:08:10.000 [main] DEBUG [org.springframework.jdbc.datasource.DataSourceUtils.resetConnectionAfterTransaction] - Resetting read-only flag of JDBC Connection [com.mchange.v2.c3p0.impl.NewProxyConnection@5b43fbf6]
2018-10-24 13:08:10.000 [main] DEBUG [org.springframework.jdbc.datasource.DataSourceTransactionManager.doCleanupAfterCompletion] - Releasing JDBC Connection [com.mchange.v2.c3p0.impl.NewProxyConnection@5b43fbf6] after transaction
2018-10-24 13:08:10.000 [main] DEBUG [org.springframework.jdbc.datasource.DataSourceUtils.doReleaseConnection] - Returning JDBC Connection to DataSource
2018-10-24 13:08:10.005 [Thread-1] INFO [org.springframework.context.support.AbstractApplicationContext.doClose] - Closing org.springframework.context.support.GenericApplicationContext@7d8995e: startup date [Wed Oct 24 13:08:07 CST 2018]; root of context hierarchy
