2018-10-10 15:23:59,872 0      [           main] DEBUG ache.ibatis.logging.LogFactory  - Logging initialized using 'class org.apache.ibatis.logging.log4j.Log4jImpl' adapter.
2018-10-10 15:24:00,059 187    [           main] DEBUG source.pooled.PooledDataSource  - PooledDataSource forcefully closed/removed all connections.
2018-10-10 15:24:00,060 188    [           main] DEBUG source.pooled.PooledDataSource  - PooledDataSource forcefully closed/removed all connections.
2018-10-10 15:24:00,060 188    [           main] DEBUG source.pooled.PooledDataSource  - PooledDataSource forcefully closed/removed all connections.
2018-10-10 15:24:00,060 188    [           main] DEBUG source.pooled.PooledDataSource  - PooledDataSource forcefully closed/removed all connections.
2018-10-10 15:24:00,179 307    [           main] DEBUG ansaction.jdbc.JdbcTransaction  - Opening JDBC Connection
2018-10-10 15:24:00,788 916    [           main] DEBUG source.pooled.PooledDataSource  - Created connection 1436664465.
2018-10-10 15:24:00,788 916    [           main] DEBUG ansaction.jdbc.JdbcTransaction  - Setting autocommit to false on JDBC Connection [com.mysql.jdbc.JDBC4Connection@55a1c291]
2018-10-10 15:24:00,790 918    [           main] DEBUG                   test.findAll  - ==>  Preparing: select * from sys_user 
2018-10-10 15:24:00,832 960    [           main] DEBUG                   test.findAll  - ==> Parameters: 
2018-10-10 15:24:00,874 1002   [           main] DEBUG                   test.findAll  - <==      Total: 4
2018-10-10 15:24:00,874 1002   [           main] DEBUG ansaction.jdbc.JdbcTransaction  - Resetting autocommit to true on JDBC Connection [com.mysql.jdbc.JDBC4Connection@55a1c291]
2018-10-10 15:24:00,875 1003   [           main] DEBUG ansaction.jdbc.JdbcTransaction  - Closing JDBC Connection [com.mysql.jdbc.JDBC4Connection@55a1c291]
2018-10-10 15:24:00,875 1003   [           main] DEBUG source.pooled.PooledDataSource  - Returned connection 1436664465 to pool.
2018-10-10 15:33:46,437 0      [           main] DEBUG ache.ibatis.logging.LogFactory  - Logging initialized using 'class org.apache.ibatis.logging.log4j.Log4jImpl' adapter.
2018-10-10 15:33:46,603 166    [           main] DEBUG source.pooled.PooledDataSource  - PooledDataSource forcefully closed/removed all connections.
2018-10-10 15:33:46,603 166    [           main] DEBUG source.pooled.PooledDataSource  - PooledDataSource forcefully closed/removed all connections.
2018-10-10 15:33:46,603 166    [           main] DEBUG source.pooled.PooledDataSource  - PooledDataSource forcefully closed/removed all connections.
2018-10-10 15:33:46,603 166    [           main] DEBUG source.pooled.PooledDataSource  - PooledDataSource forcefully closed/removed all connections.
2018-10-10 15:33:46,723 286    [           main] DEBUG ansaction.jdbc.JdbcTransaction  - Opening JDBC Connection
2018-10-10 15:33:47,362 925    [           main] DEBUG source.pooled.PooledDataSource  - Created connection 558187323.
2018-10-10 15:33:47,363 926    [           main] DEBUG ansaction.jdbc.JdbcTransaction  - Setting autocommit to false on JDBC Connection [com.mysql.jdbc.JDBC4Connection@2145433b]
2018-10-10 15:33:47,365 928    [           main] DEBUG                  test.saveUser  - ==>  Preparing: insert into sys_user values(null,?,?,?,?) 
2018-10-10 15:43:36,540 0      [           main] DEBUG ache.ibatis.logging.LogFactory  - Logging initialized using 'class org.apache.ibatis.logging.log4j.Log4jImpl' adapter.
2018-10-10 15:43:36,676 136    [           main] DEBUG source.pooled.PooledDataSource  - PooledDataSource forcefully closed/removed all connections.
2018-10-10 15:43:36,677 137    [           main] DEBUG source.pooled.PooledDataSource  - PooledDataSource forcefully closed/removed all connections.
2018-10-10 15:43:36,677 137    [           main] DEBUG source.pooled.PooledDataSource  - PooledDataSource forcefully closed/removed all connections.
2018-10-10 15:43:36,677 137    [           main] DEBUG source.pooled.PooledDataSource  - PooledDataSource forcefully closed/removed all connections.
2018-10-10 15:43:36,796 256    [           main] DEBUG ansaction.jdbc.JdbcTransaction  - Opening JDBC Connection
2018-10-10 15:43:37,346 806    [           main] DEBUG source.pooled.PooledDataSource  - Created connection 2104028992.
2018-10-10 15:43:37,346 806    [           main] DEBUG ansaction.jdbc.JdbcTransaction  - Setting autocommit to false on JDBC Connection [com.mysql.jdbc.JDBC4Connection@7d68ef40]
2018-10-10 15:43:37,349 809    [           main] DEBUG                  test.findById  - ==>  Preparing: SELECT * from sys_user where id = ? 
2018-10-10 15:43:37,414 874    [           main] DEBUG                  test.findById  - ==> Parameters: 1(Integer)
2018-10-10 15:43:37,433 893    [           main] DEBUG                  test.findById  - <==      Total: 1
2018-10-10 15:43:37,434 894    [           main] DEBUG ansaction.jdbc.JdbcTransaction  - Resetting autocommit to true on JDBC Connection [com.mysql.jdbc.JDBC4Connection@7d68ef40]
2018-10-10 15:43:37,434 894    [           main] DEBUG ansaction.jdbc.JdbcTransaction  - Closing JDBC Connection [com.mysql.jdbc.JDBC4Connection@7d68ef40]
2018-10-10 15:43:37,434 894    [           main] DEBUG source.pooled.PooledDataSource  - Returned connection 2104028992 to pool.
2018-10-10 15:45:15,609 0      [           main] DEBUG ache.ibatis.logging.LogFactory  - Logging initialized using 'class org.apache.ibatis.logging.log4j.Log4jImpl' adapter.
2018-10-10 15:45:15,741 132    [           main] DEBUG source.pooled.PooledDataSource  - PooledDataSource forcefully closed/removed all connections.
2018-10-10 15:45:15,741 132    [           main] DEBUG source.pooled.PooledDataSource  - PooledDataSource forcefully closed/removed all connections.
2018-10-10 15:45:15,741 132    [           main] DEBUG source.pooled.PooledDataSource  - PooledDataSource forcefully closed/removed all connections.
2018-10-10 15:45:15,741 132    [           main] DEBUG source.pooled.PooledDataSource  - PooledDataSource forcefully closed/removed all connections.
2018-10-10 15:45:15,850 241    [           main] DEBUG ansaction.jdbc.JdbcTransaction  - Opening JDBC Connection
2018-10-10 15:45:16,484 875    [           main] DEBUG source.pooled.PooledDataSource  - Created connection 2104028992.
2018-10-10 15:45:16,484 875    [           main] DEBUG ansaction.jdbc.JdbcTransaction  - Setting autocommit to false on JDBC Connection [com.mysql.jdbc.JDBC4Connection@7d68ef40]
2018-10-10 15:45:16,491 882    [           main] DEBUG                  test.findById  - ==>  Preparing: SELECT * from sys_user where id = ? 
2018-10-10 15:45:16,614 1005   [           main] DEBUG                  test.findById  - ==> Parameters: 2(Integer)
2018-10-10 15:45:16,663 1054   [           main] DEBUG                  test.findById  - <==      Total: 1
2018-10-10 15:45:16,665 1056   [           main] DEBUG ansaction.jdbc.JdbcTransaction  - Resetting autocommit to true on JDBC Connection [com.mysql.jdbc.JDBC4Connection@7d68ef40]
2018-10-10 15:45:16,666 1057   [           main] DEBUG ansaction.jdbc.JdbcTransaction  - Closing JDBC Connection [com.mysql.jdbc.JDBC4Connection@7d68ef40]
2018-10-10 15:45:16,666 1057   [           main] DEBUG source.pooled.PooledDataSource  - Returned connection 2104028992 to pool.
2018-10-10 15:51:05,138 0      [           main] DEBUG ache.ibatis.logging.LogFactory  - Logging initialized using 'class org.apache.ibatis.logging.log4j.Log4jImpl' adapter.
2018-10-10 15:51:05,267 129    [           main] DEBUG source.pooled.PooledDataSource  - PooledDataSource forcefully closed/removed all connections.
2018-10-10 15:51:05,267 129    [           main] DEBUG source.pooled.PooledDataSource  - PooledDataSource forcefully closed/removed all connections.
2018-10-10 15:51:05,267 129    [           main] DEBUG source.pooled.PooledDataSource  - PooledDataSource forcefully closed/removed all connections.
2018-10-10 15:51:05,267 129    [           main] DEBUG source.pooled.PooledDataSource  - PooledDataSource forcefully closed/removed all connections.
2018-10-10 15:51:05,378 240    [           main] DEBUG ansaction.jdbc.JdbcTransaction  - Opening JDBC Connection
2018-10-10 15:51:05,940 802    [           main] DEBUG source.pooled.PooledDataSource  - Created connection 558187323.
2018-10-10 15:51:05,940 802    [           main] DEBUG ansaction.jdbc.JdbcTransaction  - Setting autocommit to false on JDBC Connection [com.mysql.jdbc.JDBC4Connection@2145433b]
2018-10-10 15:51:05,942 804    [           main] DEBUG                  test.saveUser  - ==>  Preparing: insert into sys_user values(null,?,?,?,?) 
2018-10-10 15:51:06,114 976    [           main] DEBUG                  test.saveUser  - ==> Parameters: 迪丽热巴(String), null, 2018-10-10 15:51:05.371(Timestamp), 河南郑州(String)
2018-10-10 15:51:06,116 978    [           main] DEBUG                  test.saveUser  - <==    Updates: 1
2018-10-10 15:51:06,116 978    [           main] DEBUG ansaction.jdbc.JdbcTransaction  - Committing JDBC Connection [com.mysql.jdbc.JDBC4Connection@2145433b]
2018-10-10 15:51:06,156 1018   [           main] DEBUG ansaction.jdbc.JdbcTransaction  - Resetting autocommit to true on JDBC Connection [com.mysql.jdbc.JDBC4Connection@2145433b]
2018-10-10 15:51:06,156 1018   [           main] DEBUG ansaction.jdbc.JdbcTransaction  - Closing JDBC Connection [com.mysql.jdbc.JDBC4Connection@2145433b]
2018-10-10 15:51:06,156 1018   [           main] DEBUG source.pooled.PooledDataSource  - Returned connection 558187323 to pool.
2018-10-10 15:51:55,085 0      [           main] DEBUG ache.ibatis.logging.LogFactory  - Logging initialized using 'class org.apache.ibatis.logging.log4j.Log4jImpl' adapter.
2018-10-10 15:51:55,254 169    [           main] DEBUG source.pooled.PooledDataSource  - PooledDataSource forcefully closed/removed all connections.
2018-10-10 15:51:55,254 169    [           main] DEBUG source.pooled.PooledDataSource  - PooledDataSource forcefully closed/removed all connections.
2018-10-10 15:51:55,254 169    [           main] DEBUG source.pooled.PooledDataSource  - PooledDataSource forcefully closed/removed all connections.
2018-10-10 15:51:55,254 169    [           main] DEBUG source.pooled.PooledDataSource  - PooledDataSource forcefully closed/removed all connections.
2018-10-10 15:51:55,390 305    [           main] DEBUG ansaction.jdbc.JdbcTransaction  - Opening JDBC Connection
2018-10-10 15:51:56,056 971    [           main] DEBUG source.pooled.PooledDataSource  - Created connection 558187323.
2018-10-10 15:51:56,056 971    [           main] DEBUG ansaction.jdbc.JdbcTransaction  - Setting autocommit to false on JDBC Connection [com.mysql.jdbc.JDBC4Connection@2145433b]
2018-10-10 15:51:56,059 974    [           main] DEBUG                  test.saveUser  - ==>  Preparing: insert into sys_user values(null,?,?,?,?) 
2018-10-10 15:51:56,157 1072   [           main] DEBUG                  test.saveUser  - ==> Parameters: 古力娜扎(String), 女(String), 2018-10-10 15:51:55.38(Timestamp), 河南郑州(String)
2018-10-10 15:51:56,158 1073   [           main] DEBUG                  test.saveUser  - <==    Updates: 1
2018-10-10 15:51:56,158 1073   [           main] DEBUG ansaction.jdbc.JdbcTransaction  - Committing JDBC Connection [com.mysql.jdbc.JDBC4Connection@2145433b]
2018-10-10 15:51:56,355 1270   [           main] DEBUG ansaction.jdbc.JdbcTransaction  - Resetting autocommit to true on JDBC Connection [com.mysql.jdbc.JDBC4Connection@2145433b]
2018-10-10 15:51:56,356 1271   [           main] DEBUG ansaction.jdbc.JdbcTransaction  - Closing JDBC Connection [com.mysql.jdbc.JDBC4Connection@2145433b]
2018-10-10 15:51:56,356 1271   [           main] DEBUG source.pooled.PooledDataSource  - Returned connection 558187323 to pool.
2018-10-10 15:59:56,635 0      [           main] DEBUG ache.ibatis.logging.LogFactory  - Logging initialized using 'class org.apache.ibatis.logging.log4j.Log4jImpl' adapter.
2018-10-10 15:59:56,766 131    [           main] DEBUG source.pooled.PooledDataSource  - PooledDataSource forcefully closed/removed all connections.
2018-10-10 15:59:56,766 131    [           main] DEBUG source.pooled.PooledDataSource  - PooledDataSource forcefully closed/removed all connections.
2018-10-10 15:59:56,766 131    [           main] DEBUG source.pooled.PooledDataSource  - PooledDataSource forcefully closed/removed all connections.
2018-10-10 15:59:56,766 131    [           main] DEBUG source.pooled.PooledDataSource  - PooledDataSource forcefully closed/removed all connections.
2018-10-10 15:59:56,881 246    [           main] DEBUG ansaction.jdbc.JdbcTransaction  - Opening JDBC Connection
2018-10-10 15:59:57,721 1086   [           main] DEBUG source.pooled.PooledDataSource  - Created connection 1088872417.
2018-10-10 15:59:57,723 1088   [           main] DEBUG ansaction.jdbc.JdbcTransaction  - Setting autocommit to false on JDBC Connection [com.mysql.jdbc.JDBC4Connection@40e6dfe1]
2018-10-10 15:59:57,726 1091   [           main] DEBUG                  test.saveUser  - ==>  Preparing: insert into sys_user values(null,?,?,?,?) 
2018-10-10 15:59:57,831 1196   [           main] DEBUG                  test.saveUser  - ==> Parameters: 古力娜扎(String), 女(String), 2018-10-10 15:59:56.873(Timestamp), 河南郑州(String)
2018-10-10 15:59:57,832 1197   [           main] DEBUG                  test.saveUser  - <==    Updates: 1
2018-10-10 15:59:57,834 1199   [           main] DEBUG        test.saveUser!selectKey  - ==>  Preparing: SELECT last_insert_id(); 
2018-10-10 15:59:57,834 1199   [           main] DEBUG        test.saveUser!selectKey  - ==> Parameters: 
2018-10-10 15:59:57,849 1214   [           main] DEBUG        test.saveUser!selectKey  - <==      Total: 1
2018-10-10 15:59:57,850 1215   [           main] DEBUG ansaction.jdbc.JdbcTransaction  - Committing JDBC Connection [com.mysql.jdbc.JDBC4Connection@40e6dfe1]
2018-10-10 15:59:57,889 1254   [           main] DEBUG ansaction.jdbc.JdbcTransaction  - Resetting autocommit to true on JDBC Connection [com.mysql.jdbc.JDBC4Connection@40e6dfe1]
2018-10-10 15:59:57,889 1254   [           main] DEBUG ansaction.jdbc.JdbcTransaction  - Closing JDBC Connection [com.mysql.jdbc.JDBC4Connection@40e6dfe1]
2018-10-10 15:59:57,889 1254   [           main] DEBUG source.pooled.PooledDataSource  - Returned connection 1088872417 to pool.
2018-10-10 17:31:03,644 0      [           main] DEBUG ache.ibatis.logging.LogFactory  - Logging initialized using 'class org.apache.ibatis.logging.log4j.Log4jImpl' adapter.
2018-10-10 17:31:03,788 144    [           main] DEBUG source.pooled.PooledDataSource  - PooledDataSource forcefully closed/removed all connections.
2018-10-10 17:31:03,788 144    [           main] DEBUG source.pooled.PooledDataSource  - PooledDataSource forcefully closed/removed all connections.
2018-10-10 17:31:03,789 145    [           main] DEBUG source.pooled.PooledDataSource  - PooledDataSource forcefully closed/removed all connections.
2018-10-10 17:31:03,789 145    [           main] DEBUG source.pooled.PooledDataSource  - PooledDataSource forcefully closed/removed all connections.
2018-10-10 17:31:03,901 257    [           main] DEBUG ansaction.jdbc.JdbcTransaction  - Opening JDBC Connection
2018-10-10 17:31:04,446 802    [           main] DEBUG source.pooled.PooledDataSource  - Created connection 1088872417.
2018-10-10 17:31:04,446 802    [           main] DEBUG ansaction.jdbc.JdbcTransaction  - Setting autocommit to false on JDBC Connection [com.mysql.jdbc.JDBC4Connection@40e6dfe1]
2018-10-10 17:31:04,449 805    [           main] DEBUG                test.deleteUser  - ==>  Preparing: UPDATE sys_user set name=?,?,?,?,?,? where id =? 
2018-10-10 17:31:04,523 879    [           main] DEBUG                test.deleteUser  - ==> Parameters: 古力娜扎(String), 女(String), 古力娜扎(String), 女(String), 2018-10-10 17:31:03.894(Timestamp), 河南郑州(String), 1(Integer)
2018-10-10 17:33:13,348 0      [           main] DEBUG ache.ibatis.logging.LogFactory  - Logging initialized using 'class org.apache.ibatis.logging.log4j.Log4jImpl' adapter.
2018-10-10 17:33:13,473 125    [           main] DEBUG source.pooled.PooledDataSource  - PooledDataSource forcefully closed/removed all connections.
2018-10-10 17:33:13,474 126    [           main] DEBUG source.pooled.PooledDataSource  - PooledDataSource forcefully closed/removed all connections.
2018-10-10 17:33:13,474 126    [           main] DEBUG source.pooled.PooledDataSource  - PooledDataSource forcefully closed/removed all connections.
2018-10-10 17:33:13,474 126    [           main] DEBUG source.pooled.PooledDataSource  - PooledDataSource forcefully closed/removed all connections.
2018-10-10 17:33:13,574 226    [           main] DEBUG ansaction.jdbc.JdbcTransaction  - Opening JDBC Connection
2018-10-10 17:33:14,143 795    [           main] DEBUG source.pooled.PooledDataSource  - Created connection 1088872417.
2018-10-10 17:33:14,144 796    [           main] DEBUG ansaction.jdbc.JdbcTransaction  - Setting autocommit to false on JDBC Connection [com.mysql.jdbc.JDBC4Connection@40e6dfe1]
2018-10-10 17:33:14,146 798    [           main] DEBUG                test.deleteUser  - ==>  Preparing: UPDATE sys_user set name=?,?,?,?,?,? where id =? 
2018-10-10 17:33:14,210 862    [           main] DEBUG                test.deleteUser  - ==> Parameters: 古力娜扎(String), 女(String), 古力娜扎(String), 女(String), 2018-10-10 17:33:13.567(Timestamp), 河南郑州(String), 1(Integer)
2018-10-10 17:33:22,048 0      [           main] DEBUG ache.ibatis.logging.LogFactory  - Logging initialized using 'class org.apache.ibatis.logging.log4j.Log4jImpl' adapter.
2018-10-10 17:33:22,191 143    [           main] DEBUG source.pooled.PooledDataSource  - PooledDataSource forcefully closed/removed all connections.
2018-10-10 17:33:22,191 143    [           main] DEBUG source.pooled.PooledDataSource  - PooledDataSource forcefully closed/removed all connections.
2018-10-10 17:33:22,191 143    [           main] DEBUG source.pooled.PooledDataSource  - PooledDataSource forcefully closed/removed all connections.
2018-10-10 17:33:22,191 143    [           main] DEBUG source.pooled.PooledDataSource  - PooledDataSource forcefully closed/removed all connections.
2018-10-10 17:33:22,295 247    [           main] DEBUG ansaction.jdbc.JdbcTransaction  - Opening JDBC Connection
2018-10-10 17:33:22,835 787    [           main] DEBUG source.pooled.PooledDataSource  - Created connection 1088872417.
2018-10-10 17:33:22,836 788    [           main] DEBUG ansaction.jdbc.JdbcTransaction  - Setting autocommit to false on JDBC Connection [com.mysql.jdbc.JDBC4Connection@40e6dfe1]
2018-10-10 17:33:22,839 791    [           main] DEBUG                test.deleteUser  - ==>  Preparing: UPDATE sys_user set name=?,?,?,?,?,? where id =? 
2018-10-10 17:33:22,942 894    [           main] DEBUG                test.deleteUser  - ==> Parameters: 古力娜扎(String), 女(String), 古力娜扎(String), 女(String), 2018-10-10 17:33:22.289(Timestamp), 河南郑州(String), 1(Integer)
2018-10-10 17:34:46,085 0      [           main] DEBUG ache.ibatis.logging.LogFactory  - Logging initialized using 'class org.apache.ibatis.logging.log4j.Log4jImpl' adapter.
2018-10-10 17:34:46,219 134    [           main] DEBUG source.pooled.PooledDataSource  - PooledDataSource forcefully closed/removed all connections.
2018-10-10 17:34:46,219 134    [           main] DEBUG source.pooled.PooledDataSource  - PooledDataSource forcefully closed/removed all connections.
2018-10-10 17:34:46,219 134    [           main] DEBUG source.pooled.PooledDataSource  - PooledDataSource forcefully closed/removed all connections.
2018-10-10 17:34:46,219 134    [           main] DEBUG source.pooled.PooledDataSource  - PooledDataSource forcefully closed/removed all connections.
2018-10-10 17:34:46,323 238    [           main] DEBUG ansaction.jdbc.JdbcTransaction  - Opening JDBC Connection
2018-10-10 17:34:46,859 774    [           main] DEBUG source.pooled.PooledDataSource  - Created connection 1088872417.
2018-10-10 17:34:46,859 774    [           main] DEBUG ansaction.jdbc.JdbcTransaction  - Setting autocommit to false on JDBC Connection [com.mysql.jdbc.JDBC4Connection@40e6dfe1]
2018-10-10 17:34:46,862 777    [           main] DEBUG                test.deleteUser  - ==>  Preparing: UPDATE sys_user set name=?,set sex= ?,set birthday = ?,set address= ? where id =? 
2018-10-10 17:34:46,923 838    [           main] DEBUG                test.deleteUser  - ==> Parameters: 古力娜扎(String), 女(String), 2018-10-10 17:34:46.317(Timestamp), 河南郑州(String), 1(Integer)
2018-10-10 17:35:15,241 0      [           main] DEBUG ache.ibatis.logging.LogFactory  - Logging initialized using 'class org.apache.ibatis.logging.log4j.Log4jImpl' adapter.
2018-10-10 17:35:15,369 128    [           main] DEBUG source.pooled.PooledDataSource  - PooledDataSource forcefully closed/removed all connections.
2018-10-10 17:35:15,369 128    [           main] DEBUG source.pooled.PooledDataSource  - PooledDataSource forcefully closed/removed all connections.
2018-10-10 17:35:15,369 128    [           main] DEBUG source.pooled.PooledDataSource  - PooledDataSource forcefully closed/removed all connections.
2018-10-10 17:35:15,369 128    [           main] DEBUG source.pooled.PooledDataSource  - PooledDataSource forcefully closed/removed all connections.
2018-10-10 17:35:15,475 234    [           main] DEBUG ansaction.jdbc.JdbcTransaction  - Opening JDBC Connection
2018-10-10 17:35:16,041 800    [           main] DEBUG source.pooled.PooledDataSource  - Created connection 1088872417.
2018-10-10 17:35:16,041 800    [           main] DEBUG ansaction.jdbc.JdbcTransaction  - Setting autocommit to false on JDBC Connection [com.mysql.jdbc.JDBC4Connection@40e6dfe1]
2018-10-10 17:35:16,043 802    [           main] DEBUG                test.deleteUser  - ==>  Preparing: UPDATE sys_user set username=?,set sex= ?,set birthday = ?,set address= ? where id =? 
2018-10-10 17:35:16,128 887    [           main] DEBUG                test.deleteUser  - ==> Parameters: 古力娜扎(String), 女(String), 2018-10-10 17:35:15.469(Timestamp), 河南郑州(String), 1(Integer)
2018-10-10 17:35:21,084 0      [           main] DEBUG ache.ibatis.logging.LogFactory  - Logging initialized using 'class org.apache.ibatis.logging.log4j.Log4jImpl' adapter.
2018-10-10 17:35:21,209 125    [           main] DEBUG source.pooled.PooledDataSource  - PooledDataSource forcefully closed/removed all connections.
2018-10-10 17:35:21,209 125    [           main] DEBUG source.pooled.PooledDataSource  - PooledDataSource forcefully closed/removed all connections.
2018-10-10 17:35:21,209 125    [           main] DEBUG source.pooled.PooledDataSource  - PooledDataSource forcefully closed/removed all connections.
2018-10-10 17:35:21,209 125    [           main] DEBUG source.pooled.PooledDataSource  - PooledDataSource forcefully closed/removed all connections.
2018-10-10 17:35:21,316 232    [           main] DEBUG ansaction.jdbc.JdbcTransaction  - Opening JDBC Connection
2018-10-10 17:35:21,868 784    [           main] DEBUG source.pooled.PooledDataSource  - Created connection 1088872417.
2018-10-10 17:35:21,868 784    [           main] DEBUG ansaction.jdbc.JdbcTransaction  - Setting autocommit to false on JDBC Connection [com.mysql.jdbc.JDBC4Connection@40e6dfe1]
2018-10-10 17:35:21,870 786    [           main] DEBUG                test.deleteUser  - ==>  Preparing: UPDATE sys_user set username=?,set sex= ?,set birthday = ?,set address= ? where id =? 
2018-10-10 17:35:21,952 868    [           main] DEBUG                test.deleteUser  - ==> Parameters: 古力娜扎(String), 女(String), 2018-10-10 17:35:21.309(Timestamp), 河南郑州(String), 1(Integer)
2018-10-10 17:36:54,044 0      [           main] DEBUG ache.ibatis.logging.LogFactory  - Logging initialized using 'class org.apache.ibatis.logging.log4j.Log4jImpl' adapter.
2018-10-10 17:36:54,179 135    [           main] DEBUG source.pooled.PooledDataSource  - PooledDataSource forcefully closed/removed all connections.
2018-10-10 17:36:54,180 136    [           main] DEBUG source.pooled.PooledDataSource  - PooledDataSource forcefully closed/removed all connections.
2018-10-10 17:36:54,180 136    [           main] DEBUG source.pooled.PooledDataSource  - PooledDataSource forcefully closed/removed all connections.
2018-10-10 17:36:54,180 136    [           main] DEBUG source.pooled.PooledDataSource  - PooledDataSource forcefully closed/removed all connections.
2018-10-10 17:36:54,294 250    [           main] DEBUG ansaction.jdbc.JdbcTransaction  - Opening JDBC Connection
2018-10-10 17:36:54,817 773    [           main] DEBUG source.pooled.PooledDataSource  - Created connection 1088872417.
2018-10-10 17:36:54,817 773    [           main] DEBUG ansaction.jdbc.JdbcTransaction  - Setting autocommit to false on JDBC Connection [com.mysql.jdbc.JDBC4Connection@40e6dfe1]
2018-10-10 17:36:54,819 775    [           main] DEBUG                test.deleteUser  - ==>  Preparing: UPDATE sys_user set username=?,sex= ?,birthday = ?,address= ? where id =? 
2018-10-10 17:36:54,890 846    [           main] DEBUG                test.deleteUser  - ==> Parameters: 古力娜扎(String), 女(String), 2018-10-10 17:36:54.287(Timestamp), 河南郑州(String), 1(Integer)
2018-10-10 17:36:54,891 847    [           main] DEBUG                test.deleteUser  - <==    Updates: 1
2018-10-10 17:36:54,891 847    [           main] DEBUG ansaction.jdbc.JdbcTransaction  - Committing JDBC Connection [com.mysql.jdbc.JDBC4Connection@40e6dfe1]
2018-10-10 17:36:55,027 983    [           main] DEBUG ansaction.jdbc.JdbcTransaction  - Resetting autocommit to true on JDBC Connection [com.mysql.jdbc.JDBC4Connection@40e6dfe1]
2018-10-10 17:36:55,027 983    [           main] DEBUG ansaction.jdbc.JdbcTransaction  - Closing JDBC Connection [com.mysql.jdbc.JDBC4Connection@40e6dfe1]
2018-10-10 17:36:55,027 983    [           main] DEBUG source.pooled.PooledDataSource  - Returned connection 1088872417 to pool.
2018-10-10 17:40:47,893 0      [           main] DEBUG ache.ibatis.logging.LogFactory  - Logging initialized using 'class org.apache.ibatis.logging.log4j.Log4jImpl' adapter.
2018-10-10 17:40:48,052 159    [           main] DEBUG source.pooled.PooledDataSource  - PooledDataSource forcefully closed/removed all connections.
2018-10-10 17:40:48,052 159    [           main] DEBUG source.pooled.PooledDataSource  - PooledDataSource forcefully closed/removed all connections.
2018-10-10 17:40:48,052 159    [           main] DEBUG source.pooled.PooledDataSource  - PooledDataSource forcefully closed/removed all connections.
2018-10-10 17:40:48,052 159    [           main] DEBUG source.pooled.PooledDataSource  - PooledDataSource forcefully closed/removed all connections.
2018-10-10 17:40:48,170 277    [           main] DEBUG ansaction.jdbc.JdbcTransaction  - Opening JDBC Connection
2018-10-10 17:40:48,827 934    [           main] DEBUG source.pooled.PooledDataSource  - Created connection 1088872417.
2018-10-10 17:40:48,828 935    [           main] DEBUG ansaction.jdbc.JdbcTransaction  - Setting autocommit to false on JDBC Connection [com.mysql.jdbc.JDBC4Connection@40e6dfe1]
2018-10-10 17:40:48,831 938    [           main] DEBUG                test.deleteUser  - ==>  Preparing: DELETE from sys_user where id =? 
2018-10-10 17:40:48,938 1045   [           main] DEBUG                test.deleteUser  - ==> Parameters: 1(Integer)
2018-10-10 17:40:48,942 1049   [           main] DEBUG                test.deleteUser  - <==    Updates: 1
2018-10-10 17:40:48,945 1052   [           main] DEBUG ansaction.jdbc.JdbcTransaction  - Committing JDBC Connection [com.mysql.jdbc.JDBC4Connection@40e6dfe1]
2018-10-10 17:40:48,981 1088   [           main] DEBUG ansaction.jdbc.JdbcTransaction  - Resetting autocommit to true on JDBC Connection [com.mysql.jdbc.JDBC4Connection@40e6dfe1]
2018-10-10 17:40:48,981 1088   [           main] DEBUG ansaction.jdbc.JdbcTransaction  - Closing JDBC Connection [com.mysql.jdbc.JDBC4Connection@40e6dfe1]
2018-10-10 17:40:48,981 1088   [           main] DEBUG source.pooled.PooledDataSource  - Returned connection 1088872417 to pool.
2018-10-10 17:41:05,733 0      [           main] DEBUG ache.ibatis.logging.LogFactory  - Logging initialized using 'class org.apache.ibatis.logging.log4j.Log4jImpl' adapter.
2018-10-10 17:41:05,867 134    [           main] DEBUG source.pooled.PooledDataSource  - PooledDataSource forcefully closed/removed all connections.
2018-10-10 17:41:05,867 134    [           main] DEBUG source.pooled.PooledDataSource  - PooledDataSource forcefully closed/removed all connections.
2018-10-10 17:41:05,867 134    [           main] DEBUG source.pooled.PooledDataSource  - PooledDataSource forcefully closed/removed all connections.
2018-10-10 17:41:05,867 134    [           main] DEBUG source.pooled.PooledDataSource  - PooledDataSource forcefully closed/removed all connections.
2018-10-10 17:41:05,984 251    [           main] DEBUG ansaction.jdbc.JdbcTransaction  - Opening JDBC Connection
2018-10-10 17:41:06,510 777    [           main] DEBUG source.pooled.PooledDataSource  - Created connection 1088872417.
2018-10-10 17:41:06,510 777    [           main] DEBUG ansaction.jdbc.JdbcTransaction  - Setting autocommit to false on JDBC Connection [com.mysql.jdbc.JDBC4Connection@40e6dfe1]
2018-10-10 17:41:06,512 779    [           main] DEBUG                test.deleteUser  - ==>  Preparing: DELETE from sys_user where id =? 
2018-10-10 17:41:06,573 840    [           main] DEBUG                test.deleteUser  - ==> Parameters: 2(Integer)
2018-10-10 17:41:06,575 842    [           main] DEBUG                test.deleteUser  - <==    Updates: 1
2018-10-10 17:41:06,575 842    [           main] DEBUG ansaction.jdbc.JdbcTransaction  - Committing JDBC Connection [com.mysql.jdbc.JDBC4Connection@40e6dfe1]
2018-10-10 17:41:06,707 974    [           main] DEBUG ansaction.jdbc.JdbcTransaction  - Resetting autocommit to true on JDBC Connection [com.mysql.jdbc.JDBC4Connection@40e6dfe1]
2018-10-10 17:41:06,709 976    [           main] DEBUG ansaction.jdbc.JdbcTransaction  - Closing JDBC Connection [com.mysql.jdbc.JDBC4Connection@40e6dfe1]
2018-10-10 17:41:06,709 976    [           main] DEBUG source.pooled.PooledDataSource  - Returned connection 1088872417 to pool.
2018-10-10 17:47:47,751 0      [           main] DEBUG ache.ibatis.logging.LogFactory  - Logging initialized using 'class org.apache.ibatis.logging.log4j.Log4jImpl' adapter.
2018-10-10 17:47:47,895 144    [           main] DEBUG source.pooled.PooledDataSource  - PooledDataSource forcefully closed/removed all connections.
2018-10-10 17:47:47,896 145    [           main] DEBUG source.pooled.PooledDataSource  - PooledDataSource forcefully closed/removed all connections.
2018-10-10 17:47:47,896 145    [           main] DEBUG source.pooled.PooledDataSource  - PooledDataSource forcefully closed/removed all connections.
2018-10-10 17:47:47,896 145    [           main] DEBUG source.pooled.PooledDataSource  - PooledDataSource forcefully closed/removed all connections.
2018-10-10 17:47:48,004 253    [           main] DEBUG ansaction.jdbc.JdbcTransaction  - Opening JDBC Connection
2018-10-10 17:47:48,535 784    [           main] DEBUG source.pooled.PooledDataSource  - Created connection 1975546571.
2018-10-10 17:47:48,536 785    [           main] DEBUG ansaction.jdbc.JdbcTransaction  - Setting autocommit to false on JDBC Connection [com.mysql.jdbc.JDBC4Connection@75c072cb]
2018-10-10 17:47:48,538 787    [           main] DEBUG                test.selectLike  - ==>  Preparing: SELECT * from sys_user WHERE username like "%"?"%" 
2018-10-10 17:47:48,585 834    [           main] DEBUG                test.selectLike  - ==> Parameters: 力(String)
2018-10-10 17:47:48,617 866    [           main] DEBUG                test.selectLike  - <==      Total: 2
2018-10-10 17:47:48,618 867    [           main] DEBUG ansaction.jdbc.JdbcTransaction  - Resetting autocommit to true on JDBC Connection [com.mysql.jdbc.JDBC4Connection@75c072cb]
2018-10-10 17:47:48,618 867    [           main] DEBUG ansaction.jdbc.JdbcTransaction  - Closing JDBC Connection [com.mysql.jdbc.JDBC4Connection@75c072cb]
2018-10-10 17:47:48,618 867    [           main] DEBUG source.pooled.PooledDataSource  - Returned connection 1975546571 to pool.
2018-10-10 18:05:22,777 0      [           main] DEBUG ache.ibatis.logging.LogFactory  - Logging initialized using 'class org.apache.ibatis.logging.log4j.Log4jImpl' adapter.
2018-10-10 18:05:22,945 168    [           main] DEBUG source.pooled.PooledDataSource  - PooledDataSource forcefully closed/removed all connections.
2018-10-10 18:05:22,945 168    [           main] DEBUG source.pooled.PooledDataSource  - PooledDataSource forcefully closed/removed all connections.
2018-10-10 18:05:22,945 168    [           main] DEBUG source.pooled.PooledDataSource  - PooledDataSource forcefully closed/removed all connections.
2018-10-10 18:05:22,945 168    [           main] DEBUG source.pooled.PooledDataSource  - PooledDataSource forcefully closed/removed all connections.
2018-10-10 18:05:23,071 294    [           main] DEBUG ansaction.jdbc.JdbcTransaction  - Opening JDBC Connection
2018-10-10 18:05:23,886 1109   [           main] DEBUG source.pooled.PooledDataSource  - Created connection 1975546571.
2018-10-10 18:05:23,886 1109   [           main] DEBUG ansaction.jdbc.JdbcTransaction  - Setting autocommit to false on JDBC Connection [com.mysql.jdbc.JDBC4Connection@75c072cb]
2018-10-10 18:05:23,892 1115   [           main] DEBUG               test.selectCount  - ==>  Preparing: select COUNT(*) from sys_user 
2018-10-10 18:05:24,017 1240   [           main] DEBUG               test.selectCount  - ==> Parameters: 
2018-10-10 18:05:24,054 1277   [           main] DEBUG               test.selectCount  - <==      Total: 1
2018-10-10 18:05:24,054 1277   [           main] DEBUG ansaction.jdbc.JdbcTransaction  - Resetting autocommit to true on JDBC Connection [com.mysql.jdbc.JDBC4Connection@75c072cb]
2018-10-10 18:05:24,055 1278   [           main] DEBUG ansaction.jdbc.JdbcTransaction  - Closing JDBC Connection [com.mysql.jdbc.JDBC4Connection@75c072cb]
2018-10-10 18:05:24,055 1278   [           main] DEBUG source.pooled.PooledDataSource  - Returned connection 1975546571 to pool.
