2018-10-28 20:57:52.342 [main] INFO [org.springframework.test.context.support.AbstractTestContextBootstrapper.getDefaultTestExecutionListenerClassNames] - Loaded default TestExecutionListener class names from location [META-INF/spring.factories]: [org.springframework.test.context.web.ServletTestExecutionListener, org.springframework.test.context.support.DirtiesContextBeforeModesTestExecutionListener, org.springframework.test.context.support.DependencyInjectionTestExecutionListener, org.springframework.test.context.support.DirtiesContextTestExecutionListener, org.springframework.test.context.transaction.TransactionalTestExecutionListener, org.springframework.test.context.jdbc.SqlScriptsTestExecutionListener]
2018-10-28 20:57:52.423 [main] INFO [org.springframework.test.context.support.AbstractTestContextBootstrapper.getTestExecutionListeners] - Using TestExecutionListeners: [org.springframework.test.context.web.ServletTestExecutionListener@15ff3e9e, org.springframework.test.context.support.DirtiesContextBeforeModesTestExecutionListener@5fdcaa40, org.springframework.test.context.support.DependencyInjectionTestExecutionListener@6dc17b83, org.springframework.test.context.support.DirtiesContextTestExecutionListener@5e0826e7, org.springframework.test.context.transaction.TransactionalTestExecutionListener@32eff876, org.springframework.test.context.jdbc.SqlScriptsTestExecutionListener@8dbdac1]
2018-10-28 20:57:52.538 [main] INFO [org.springframework.beans.factory.xml.XmlBeanDefinitionReader.loadBeanDefinitions] - Loading XML bean definitions from file [D:\developent\IdeaProjects\Project66\maven_parent\ssm_dao\target\classes\spring\applicationContext-dao.xml]
2018-10-28 20:57:52.805 [main] INFO [org.springframework.context.support.AbstractApplicationContext.prepareRefresh] - Refreshing org.springframework.context.support.GenericApplicationContext@409bf450: startup date [Sun Oct 28 20:57:52 CST 2018]; root of context hierarchy
2018-10-28 20:57:53.871 [main] DEBUG [org.springframework.jdbc.datasource.DataSourceUtils.doGetConnection] - Fetching JDBC Connection from DataSource
2018-10-28 20:57:54.173 [main] DEBUG [org.apache.ibatis.logging.jdbc.BaseJdbcLogger.debug] - ==>  Preparing: select * from sys_user where id =? 
2018-10-28 20:57:54.316 [main] DEBUG [org.apache.ibatis.logging.jdbc.BaseJdbcLogger.debug] - ==> Parameters: 1(Integer)
2018-10-28 20:57:55.201 [main] DEBUG [org.apache.ibatis.logging.jdbc.BaseJdbcLogger.debug] - <==      Total: 1
2018-10-28 20:57:55.244 [main] DEBUG [org.springframework.jdbc.datasource.DataSourceUtils.doReleaseConnection] - Returning JDBC Connection to DataSource
2018-10-28 20:57:55.249 [Thread-1] INFO [org.springframework.context.support.AbstractApplicationContext.doClose] - Closing org.springframework.context.support.GenericApplicationContext@409bf450: startup date [Sun Oct 28 20:57:52 CST 2018]; root of context hierarchy
2018-10-29 08:47:15.819 [main] INFO [org.springframework.test.context.support.AbstractTestContextBootstrapper.getDefaultTestExecutionListenerClassNames] - Loaded default TestExecutionListener class names from location [META-INF/spring.factories]: [org.springframework.test.context.web.ServletTestExecutionListener, org.springframework.test.context.support.DirtiesContextBeforeModesTestExecutionListener, org.springframework.test.context.support.DependencyInjectionTestExecutionListener, org.springframework.test.context.support.DirtiesContextTestExecutionListener, org.springframework.test.context.transaction.TransactionalTestExecutionListener, org.springframework.test.context.jdbc.SqlScriptsTestExecutionListener]
2018-10-29 08:47:15.859 [main] INFO [org.springframework.test.context.support.AbstractTestContextBootstrapper.getTestExecutionListeners] - Using TestExecutionListeners: [org.springframework.test.context.web.ServletTestExecutionListener@15ff3e9e, org.springframework.test.context.support.DirtiesContextBeforeModesTestExecutionListener@5fdcaa40, org.springframework.test.context.support.DependencyInjectionTestExecutionListener@6dc17b83, org.springframework.test.context.support.DirtiesContextTestExecutionListener@5e0826e7, org.springframework.test.context.transaction.TransactionalTestExecutionListener@32eff876, org.springframework.test.context.jdbc.SqlScriptsTestExecutionListener@8dbdac1]
2018-10-29 08:47:15.996 [main] INFO [org.springframework.beans.factory.xml.XmlBeanDefinitionReader.loadBeanDefinitions] - Loading XML bean definitions from file [D:\developent\IdeaProjects\Project66\maven_parent\ssm_dao\target\classes\spring\applicationContext-dao.xml]
2018-10-29 08:47:16.377 [main] INFO [org.springframework.context.support.AbstractApplicationContext.prepareRefresh] - Refreshing org.springframework.context.support.GenericApplicationContext@409bf450: startup date [Mon Oct 29 08:47:16 CST 2018]; root of context hierarchy
2018-10-29 08:47:17.363 [main] DEBUG [org.springframework.jdbc.datasource.DataSourceUtils.doGetConnection] - Fetching JDBC Connection from DataSource
2018-10-29 08:49:08.258 [main] DEBUG [org.apache.ibatis.logging.jdbc.BaseJdbcLogger.debug] - ==>  Preparing: select * from sys_user where id =? 
2018-10-29 08:49:08.418 [main] DEBUG [org.apache.ibatis.logging.jdbc.BaseJdbcLogger.debug] - ==> Parameters: 1(Integer)
2018-10-29 08:49:18.576 [main] INFO [org.springframework.test.context.support.AbstractTestContextBootstrapper.getDefaultTestExecutionListenerClassNames] - Loaded default TestExecutionListener class names from location [META-INF/spring.factories]: [org.springframework.test.context.web.ServletTestExecutionListener, org.springframework.test.context.support.DirtiesContextBeforeModesTestExecutionListener, org.springframework.test.context.support.DependencyInjectionTestExecutionListener, org.springframework.test.context.support.DirtiesContextTestExecutionListener, org.springframework.test.context.transaction.TransactionalTestExecutionListener, org.springframework.test.context.jdbc.SqlScriptsTestExecutionListener]
2018-10-29 08:49:18.609 [main] INFO [org.springframework.test.context.support.AbstractTestContextBootstrapper.getTestExecutionListeners] - Using TestExecutionListeners: [org.springframework.test.context.web.ServletTestExecutionListener@15ff3e9e, org.springframework.test.context.support.DirtiesContextBeforeModesTestExecutionListener@5fdcaa40, org.springframework.test.context.support.DependencyInjectionTestExecutionListener@6dc17b83, org.springframework.test.context.support.DirtiesContextTestExecutionListener@5e0826e7, org.springframework.test.context.transaction.TransactionalTestExecutionListener@32eff876, org.springframework.test.context.jdbc.SqlScriptsTestExecutionListener@8dbdac1]
2018-10-29 08:49:18.704 [main] INFO [org.springframework.beans.factory.xml.XmlBeanDefinitionReader.loadBeanDefinitions] - Loading XML bean definitions from file [D:\developent\IdeaProjects\Project66\maven_parent\ssm_dao\target\classes\spring\applicationContext-dao.xml]
2018-10-29 08:49:19.036 [main] INFO [org.springframework.context.support.AbstractApplicationContext.prepareRefresh] - Refreshing org.springframework.context.support.GenericApplicationContext@409bf450: startup date [Mon Oct 29 08:49:19 CST 2018]; root of context hierarchy
2018-10-29 08:49:20.286 [main] DEBUG [org.springframework.jdbc.datasource.DataSourceUtils.doGetConnection] - Fetching JDBC Connection from DataSource
2018-10-29 08:49:21.126 [main] DEBUG [org.apache.ibatis.logging.jdbc.BaseJdbcLogger.debug] - ==>  Preparing: select * from sys_user where id =? 
2018-10-29 08:49:21.260 [main] DEBUG [org.apache.ibatis.logging.jdbc.BaseJdbcLogger.debug] - ==> Parameters: 1(Integer)
2018-10-29 08:49:21.449 [main] DEBUG [org.apache.ibatis.logging.jdbc.BaseJdbcLogger.debug] - <==      Total: 1
2018-10-29 08:49:21.477 [main] DEBUG [org.springframework.jdbc.datasource.DataSourceUtils.doReleaseConnection] - Returning JDBC Connection to DataSource
2018-10-29 08:49:21.496 [Thread-1] INFO [org.springframework.context.support.AbstractApplicationContext.doClose] - Closing org.springframework.context.support.GenericApplicationContext@409bf450: startup date [Mon Oct 29 08:49:19 CST 2018]; root of context hierarchy
2018-10-29 09:38:07.532 [main] INFO [org.springframework.test.context.support.AbstractTestContextBootstrapper.getDefaultTestExecutionListenerClassNames] - Loaded default TestExecutionListener class names from location [META-INF/spring.factories]: [org.springframework.test.context.web.ServletTestExecutionListener, org.springframework.test.context.support.DirtiesContextBeforeModesTestExecutionListener, org.springframework.test.context.support.DependencyInjectionTestExecutionListener, org.springframework.test.context.support.DirtiesContextTestExecutionListener, org.springframework.test.context.transaction.TransactionalTestExecutionListener, org.springframework.test.context.jdbc.SqlScriptsTestExecutionListener]
2018-10-29 09:38:07.555 [main] INFO [org.springframework.test.context.support.AbstractTestContextBootstrapper.getTestExecutionListeners] - Using TestExecutionListeners: [org.springframework.test.context.web.ServletTestExecutionListener@15ff3e9e, org.springframework.test.context.support.DirtiesContextBeforeModesTestExecutionListener@5fdcaa40, org.springframework.test.context.support.DependencyInjectionTestExecutionListener@6dc17b83, org.springframework.test.context.support.DirtiesContextTestExecutionListener@5e0826e7, org.springframework.test.context.transaction.TransactionalTestExecutionListener@32eff876, org.springframework.test.context.jdbc.SqlScriptsTestExecutionListener@8dbdac1]
2018-10-29 09:38:07.642 [main] INFO [org.springframework.beans.factory.xml.XmlBeanDefinitionReader.loadBeanDefinitions] - Loading XML bean definitions from file [D:\developent\IdeaProjects\Project66\maven_parent\ssm_dao\target\classes\spring\applicationContext-dao.xml]
2018-10-29 09:38:07.922 [main] INFO [org.springframework.context.support.AbstractApplicationContext.prepareRefresh] - Refreshing org.springframework.context.support.GenericApplicationContext@409bf450: startup date [Mon Oct 29 09:38:07 CST 2018]; root of context hierarchy
2018-10-29 09:38:09.279 [main] DEBUG [org.springframework.jdbc.datasource.DataSourceUtils.doGetConnection] - Fetching JDBC Connection from DataSource
2018-10-29 09:38:09.607 [main] DEBUG [org.apache.ibatis.logging.jdbc.BaseJdbcLogger.debug] - ==>  Preparing: select * from sys_user where id =? 
2018-10-29 09:38:09.755 [main] DEBUG [org.apache.ibatis.logging.jdbc.BaseJdbcLogger.debug] - ==> Parameters: 1(Integer)
2018-10-29 09:38:09.830 [main] DEBUG [org.apache.ibatis.logging.jdbc.BaseJdbcLogger.debug] - <==      Total: 1
2018-10-29 09:38:09.857 [main] DEBUG [org.springframework.jdbc.datasource.DataSourceUtils.doReleaseConnection] - Returning JDBC Connection to DataSource
2018-10-29 09:38:09.860 [Thread-1] INFO [org.springframework.context.support.AbstractApplicationContext.doClose] - Closing org.springframework.context.support.GenericApplicationContext@409bf450: startup date [Mon Oct 29 09:38:07 CST 2018]; root of context hierarchy
