2018-10-28 15:14:48.716 [main] INFO [org.springframework.test.context.support.AbstractTestContextBootstrapper.getDefaultTestExecutionListenerClassNames] - Loaded default TestExecutionListener class names from location [META-INF/spring.factories]: [org.springframework.test.context.web.ServletTestExecutionListener, org.springframework.test.context.support.DirtiesContextBeforeModesTestExecutionListener, org.springframework.test.context.support.DependencyInjectionTestExecutionListener, org.springframework.test.context.support.DirtiesContextTestExecutionListener, org.springframework.test.context.transaction.TransactionalTestExecutionListener, org.springframework.test.context.jdbc.SqlScriptsTestExecutionListener]
2018-10-28 15:14:48.767 [main] INFO [org.springframework.test.context.support.AbstractTestContextBootstrapper.getTestExecutionListeners] - Using TestExecutionListeners: [org.springframework.test.context.web.ServletTestExecutionListener@15ff3e9e, org.springframework.test.context.support.DirtiesContextBeforeModesTestExecutionListener@5fdcaa40, org.springframework.test.context.support.DependencyInjectionTestExecutionListener@6dc17b83, org.springframework.test.context.support.DirtiesContextTestExecutionListener@5e0826e7, org.springframework.test.context.transaction.TransactionalTestExecutionListener@32eff876, org.springframework.test.context.jdbc.SqlScriptsTestExecutionListener@8dbdac1]
2018-10-28 15:14:48.906 [main] INFO [org.springframework.beans.factory.xml.XmlBeanDefinitionReader.loadBeanDefinitions] - Loading XML bean definitions from class path resource [applicationContext-dao.xml]
2018-10-28 15:14:49.297 [main] INFO [org.springframework.context.support.AbstractApplicationContext.prepareRefresh] - Refreshing org.springframework.context.support.GenericApplicationContext@409bf450: startup date [Sun Oct 28 15:14:49 CST 2018]; root of context hierarchy
2018-10-28 15:14:50.388 [main] DEBUG [org.springframework.jdbc.datasource.DataSourceUtils.doGetConnection] - Fetching JDBC Connection from DataSource
2018-10-28 15:14:50.906 [main] DEBUG [org.apache.ibatis.logging.jdbc.BaseJdbcLogger.debug] - ==>  Preparing: select * from sys_user where id =? 
2018-10-28 15:14:51.050 [main] DEBUG [org.apache.ibatis.logging.jdbc.BaseJdbcLogger.debug] - ==> Parameters: 1(Integer)
2018-10-28 15:14:51.149 [main] DEBUG [org.apache.ibatis.logging.jdbc.BaseJdbcLogger.debug] - <==      Total: 1
2018-10-28 15:14:51.179 [main] DEBUG [org.springframework.jdbc.datasource.DataSourceUtils.doReleaseConnection] - Returning JDBC Connection to DataSource
2018-10-28 15:14:51.184 [Thread-1] INFO [org.springframework.context.support.AbstractApplicationContext.doClose] - Closing org.springframework.context.support.GenericApplicationContext@409bf450: startup date [Sun Oct 28 15:14:49 CST 2018]; root of context hierarchy
2018-10-28 17:20:31.481 [main] INFO [org.springframework.test.context.support.AbstractTestContextBootstrapper.getDefaultTestExecutionListenerClassNames] - Loaded default TestExecutionListener class names from location [META-INF/spring.factories]: [org.springframework.test.context.web.ServletTestExecutionListener, org.springframework.test.context.support.DirtiesContextBeforeModesTestExecutionListener, org.springframework.test.context.support.DependencyInjectionTestExecutionListener, org.springframework.test.context.support.DirtiesContextTestExecutionListener, org.springframework.test.context.transaction.TransactionalTestExecutionListener, org.springframework.test.context.jdbc.SqlScriptsTestExecutionListener]
2018-10-28 17:20:31.509 [main] INFO [org.springframework.test.context.support.AbstractTestContextBootstrapper.getTestExecutionListeners] - Using TestExecutionListeners: [org.springframework.test.context.web.ServletTestExecutionListener@15ff3e9e, org.springframework.test.context.support.DirtiesContextBeforeModesTestExecutionListener@5fdcaa40, org.springframework.test.context.support.DependencyInjectionTestExecutionListener@6dc17b83, org.springframework.test.context.support.DirtiesContextTestExecutionListener@5e0826e7, org.springframework.test.context.transaction.TransactionalTestExecutionListener@32eff876, org.springframework.test.context.jdbc.SqlScriptsTestExecutionListener@8dbdac1]
2018-10-28 17:20:31.603 [main] INFO [org.springframework.beans.factory.xml.XmlBeanDefinitionReader.loadBeanDefinitions] - Loading XML bean definitions from file [D:\developent\IdeaProjects\Project66\ssm_66\target\classes\spring\applicationContext-dao.xml]
2018-10-28 17:20:31.863 [main] INFO [org.springframework.beans.factory.xml.XmlBeanDefinitionReader.loadBeanDefinitions] - Loading XML bean definitions from file [D:\developent\IdeaProjects\Project66\ssm_66\target\classes\spring\applicationContext-service.xml]
2018-10-28 17:20:32.113 [main] INFO [org.springframework.context.support.AbstractApplicationContext.prepareRefresh] - Refreshing org.springframework.context.support.GenericApplicationContext@409bf450: startup date [Sun Oct 28 17:20:32 CST 2018]; root of context hierarchy
2018-10-28 17:20:33.297 [main] DEBUG [org.springframework.jdbc.datasource.DataSourceUtils.doGetConnection] - Fetching JDBC Connection from DataSource
2018-10-28 17:20:33.632 [main] DEBUG [org.apache.ibatis.logging.jdbc.BaseJdbcLogger.debug] - ==>  Preparing: select * from sys_user where id =? 
2018-10-28 17:20:33.778 [main] DEBUG [org.apache.ibatis.logging.jdbc.BaseJdbcLogger.debug] - ==> Parameters: 1(Integer)
2018-10-28 17:20:33.855 [main] DEBUG [org.apache.ibatis.logging.jdbc.BaseJdbcLogger.debug] - <==      Total: 1
2018-10-28 17:20:33.881 [main] DEBUG [org.springframework.jdbc.datasource.DataSourceUtils.doReleaseConnection] - Returning JDBC Connection to DataSource
2018-10-28 17:20:33.889 [Thread-1] INFO [org.springframework.context.support.AbstractApplicationContext.doClose] - Closing org.springframework.context.support.GenericApplicationContext@409bf450: startup date [Sun Oct 28 17:20:32 CST 2018]; root of context hierarchy
2018-10-28 17:46:54.593 [main] INFO [org.springframework.test.context.support.AbstractTestContextBootstrapper.getDefaultTestExecutionListenerClassNames] - Loaded default TestExecutionListener class names from location [META-INF/spring.factories]: [org.springframework.test.context.web.ServletTestExecutionListener, org.springframework.test.context.support.DirtiesContextBeforeModesTestExecutionListener, org.springframework.test.context.support.DependencyInjectionTestExecutionListener, org.springframework.test.context.support.DirtiesContextTestExecutionListener, org.springframework.test.context.transaction.TransactionalTestExecutionListener, org.springframework.test.context.jdbc.SqlScriptsTestExecutionListener]
2018-10-28 17:46:54.617 [main] INFO [org.springframework.test.context.support.AbstractTestContextBootstrapper.getTestExecutionListeners] - Using TestExecutionListeners: [org.springframework.test.context.web.ServletTestExecutionListener@15ff3e9e, org.springframework.test.context.support.DirtiesContextBeforeModesTestExecutionListener@5fdcaa40, org.springframework.test.context.support.DependencyInjectionTestExecutionListener@6dc17b83, org.springframework.test.context.support.DirtiesContextTestExecutionListener@5e0826e7, org.springframework.test.context.transaction.TransactionalTestExecutionListener@32eff876, org.springframework.test.context.jdbc.SqlScriptsTestExecutionListener@8dbdac1]
2018-10-28 17:46:54.702 [main] INFO [org.springframework.beans.factory.xml.XmlBeanDefinitionReader.loadBeanDefinitions] - Loading XML bean definitions from file [D:\developent\IdeaProjects\Project66\ssm_66\target\classes\spring\applicationContext-dao.xml]
2018-10-28 17:46:54.932 [main] INFO [org.springframework.beans.factory.xml.XmlBeanDefinitionReader.loadBeanDefinitions] - Loading XML bean definitions from file [D:\developent\IdeaProjects\Project66\ssm_66\target\classes\spring\applicationContext-service.xml]
2018-10-28 17:46:55.294 [main] INFO [org.springframework.context.support.AbstractApplicationContext.prepareRefresh] - Refreshing org.springframework.context.support.GenericApplicationContext@409bf450: startup date [Sun Oct 28 17:46:55 CST 2018]; root of context hierarchy
2018-10-28 17:46:57.155 [main] DEBUG [org.springframework.jdbc.datasource.DataSourceUtils.doGetConnection] - Fetching JDBC Connection from DataSource
2018-10-28 17:46:57.489 [main] DEBUG [org.apache.ibatis.logging.jdbc.BaseJdbcLogger.debug] - ==>  Preparing: select * from sys_user where id =? 
2018-10-28 17:46:57.704 [main] DEBUG [org.apache.ibatis.logging.jdbc.BaseJdbcLogger.debug] - ==> Parameters: 1(Integer)
2018-10-28 17:46:57.815 [main] DEBUG [org.apache.ibatis.logging.jdbc.BaseJdbcLogger.debug] - <==      Total: 1
2018-10-28 17:46:57.856 [main] DEBUG [org.springframework.jdbc.datasource.DataSourceUtils.doReleaseConnection] - Returning JDBC Connection to DataSource
2018-10-28 17:46:57.863 [Thread-1] INFO [org.springframework.context.support.AbstractApplicationContext.doClose] - Closing org.springframework.context.support.GenericApplicationContext@409bf450: startup date [Sun Oct 28 17:46:55 CST 2018]; root of context hierarchy
