2018-10-29 09:10:11.803 [main] INFO [org.springframework.test.context.support.AbstractTestContextBootstrapper.getDefaultTestExecutionListenerClassNames] - Loaded default TestExecutionListener class names from location [META-INF/spring.factories]: [org.springframework.test.context.web.ServletTestExecutionListener, org.springframework.test.context.support.DirtiesContextBeforeModesTestExecutionListener, org.springframework.test.context.support.DependencyInjectionTestExecutionListener, org.springframework.test.context.support.DirtiesContextTestExecutionListener, org.springframework.test.context.transaction.TransactionalTestExecutionListener, org.springframework.test.context.jdbc.SqlScriptsTestExecutionListener]
2018-10-29 09:10:11.874 [main] INFO [org.springframework.test.context.support.AbstractTestContextBootstrapper.getTestExecutionListeners] - Using TestExecutionListeners: [org.springframework.test.context.web.ServletTestExecutionListener@15ff3e9e, org.springframework.test.context.support.DirtiesContextBeforeModesTestExecutionListener@5fdcaa40, org.springframework.test.context.support.DependencyInjectionTestExecutionListener@6dc17b83, org.springframework.test.context.support.DirtiesContextTestExecutionListener@5e0826e7, org.springframework.test.context.transaction.TransactionalTestExecutionListener@32eff876, org.springframework.test.context.jdbc.SqlScriptsTestExecutionListener@8dbdac1]
2018-10-29 09:10:12.045 [main] INFO [org.springframework.beans.factory.xml.XmlBeanDefinitionReader.loadBeanDefinitions] - Loading XML bean definitions from file [D:\developent\IdeaProjects\Project66\maven_parent\ssm_service\target\classes\spring\applicationContext-service.xml]
2018-10-29 09:10:12.639 [main] INFO [org.springframework.beans.factory.xml.XmlBeanDefinitionReader.loadBeanDefinitions] - Loading XML bean definitions from file [D:\developent\IdeaProjects\Project66\maven_parent\ssm_dao\target\classes\spring\applicationContext-dao.xml]
2018-10-29 09:10:12.777 [main] INFO [org.springframework.context.support.AbstractApplicationContext.prepareRefresh] - Refreshing org.springframework.context.support.GenericApplicationContext@409bf450: startup date [Mon Oct 29 09:10:12 CST 2018]; root of context hierarchy
2018-10-29 09:10:14.183 [main] DEBUG [org.springframework.jdbc.datasource.DataSourceUtils.doGetConnection] - Fetching JDBC Connection from DataSource
2018-10-29 09:10:14.598 [main] DEBUG [org.springframework.jdbc.datasource.DataSourceUtils.doGetConnection] - Registering transaction synchronization for JDBC Connection
2018-10-29 09:10:14.610 [main] DEBUG [org.apache.ibatis.logging.jdbc.BaseJdbcLogger.debug] - ==>  Preparing: select * from sys_user where id =? 
2018-10-29 09:10:14.767 [main] DEBUG [org.apache.ibatis.logging.jdbc.BaseJdbcLogger.debug] - ==> Parameters: 2(Integer)
2018-10-29 09:10:14.847 [main] DEBUG [org.apache.ibatis.logging.jdbc.BaseJdbcLogger.debug] - <==      Total: 1
2018-10-29 09:10:14.876 [main] DEBUG [org.springframework.jdbc.datasource.DataSourceUtils.doReleaseConnection] - Returning JDBC Connection to DataSource
2018-10-29 09:10:14.882 [Thread-1] INFO [org.springframework.context.support.AbstractApplicationContext.doClose] - Closing org.springframework.context.support.GenericApplicationContext@409bf450: startup date [Mon Oct 29 09:10:12 CST 2018]; root of context hierarchy
2018-10-29 10:25:58.274 [main] INFO [org.springframework.test.context.support.AbstractTestContextBootstrapper.getDefaultTestExecutionListenerClassNames] - Loaded default TestExecutionListener class names from location [META-INF/spring.factories]: [org.springframework.test.context.web.ServletTestExecutionListener, org.springframework.test.context.support.DirtiesContextBeforeModesTestExecutionListener, org.springframework.test.context.support.DependencyInjectionTestExecutionListener, org.springframework.test.context.support.DirtiesContextTestExecutionListener, org.springframework.test.context.transaction.TransactionalTestExecutionListener, org.springframework.test.context.jdbc.SqlScriptsTestExecutionListener]
2018-10-29 10:25:58.304 [main] INFO [org.springframework.test.context.support.AbstractTestContextBootstrapper.getTestExecutionListeners] - Using TestExecutionListeners: [org.springframework.test.context.web.ServletTestExecutionListener@15ff3e9e, org.springframework.test.context.support.DirtiesContextBeforeModesTestExecutionListener@5fdcaa40, org.springframework.test.context.support.DependencyInjectionTestExecutionListener@6dc17b83, org.springframework.test.context.support.DirtiesContextTestExecutionListener@5e0826e7, org.springframework.test.context.transaction.TransactionalTestExecutionListener@32eff876, org.springframework.test.context.jdbc.SqlScriptsTestExecutionListener@8dbdac1]
2018-10-29 10:25:58.404 [main] INFO [org.springframework.beans.factory.xml.XmlBeanDefinitionReader.loadBeanDefinitions] - Loading XML bean definitions from file [D:\developent\IdeaProjects\Project66\maven_parent\ssm_service\target\classes\spring\applicationContext-service.xml]
2018-10-29 10:25:58.931 [main] INFO [org.springframework.beans.factory.xml.XmlBeanDefinitionReader.loadBeanDefinitions] - Loading XML bean definitions from file [D:\developent\IdeaProjects\Project66\maven_parent\ssm_dao\target\classes\spring\applicationContext-dao.xml]
2018-10-29 10:25:59.074 [main] INFO [org.springframework.context.support.AbstractApplicationContext.prepareRefresh] - Refreshing org.springframework.context.support.GenericApplicationContext@409bf450: startup date [Mon Oct 29 10:25:59 CST 2018]; root of context hierarchy
2018-10-29 10:26:00.690 [main] DEBUG [org.springframework.jdbc.datasource.DataSourceUtils.doGetConnection] - Fetching JDBC Connection from DataSource
2018-10-29 10:26:01.737 [main] DEBUG [org.springframework.jdbc.datasource.DataSourceUtils.doGetConnection] - Registering transaction synchronization for JDBC Connection
2018-10-29 10:26:01.744 [main] DEBUG [org.apache.ibatis.logging.jdbc.BaseJdbcLogger.debug] - ==>  Preparing: select * from sys_user where id =? 
2018-10-29 10:26:01.894 [main] DEBUG [org.apache.ibatis.logging.jdbc.BaseJdbcLogger.debug] - ==> Parameters: 2(Integer)
2018-10-29 10:26:02.120 [main] DEBUG [org.apache.ibatis.logging.jdbc.BaseJdbcLogger.debug] - <==      Total: 1
2018-10-29 10:26:02.149 [main] DEBUG [org.springframework.jdbc.datasource.DataSourceUtils.doReleaseConnection] - Returning JDBC Connection to DataSource
2018-10-29 10:26:02.153 [Thread-1] INFO [org.springframework.context.support.AbstractApplicationContext.doClose] - Closing org.springframework.context.support.GenericApplicationContext@409bf450: startup date [Mon Oct 29 10:25:59 CST 2018]; root of context hierarchy
2018-10-29 10:27:26.420 [main] INFO [org.springframework.test.context.support.AbstractTestContextBootstrapper.getDefaultTestExecutionListenerClassNames] - Loaded default TestExecutionListener class names from location [META-INF/spring.factories]: [org.springframework.test.context.web.ServletTestExecutionListener, org.springframework.test.context.support.DirtiesContextBeforeModesTestExecutionListener, org.springframework.test.context.support.DependencyInjectionTestExecutionListener, org.springframework.test.context.support.DirtiesContextTestExecutionListener, org.springframework.test.context.transaction.TransactionalTestExecutionListener, org.springframework.test.context.jdbc.SqlScriptsTestExecutionListener]
2018-10-29 10:27:26.450 [main] INFO [org.springframework.test.context.support.AbstractTestContextBootstrapper.getTestExecutionListeners] - Using TestExecutionListeners: [org.springframework.test.context.web.ServletTestExecutionListener@15ff3e9e, org.springframework.test.context.support.DirtiesContextBeforeModesTestExecutionListener@5fdcaa40, org.springframework.test.context.support.DependencyInjectionTestExecutionListener@6dc17b83, org.springframework.test.context.support.DirtiesContextTestExecutionListener@5e0826e7, org.springframework.test.context.transaction.TransactionalTestExecutionListener@32eff876, org.springframework.test.context.jdbc.SqlScriptsTestExecutionListener@8dbdac1]
2018-10-29 10:27:26.595 [main] INFO [org.springframework.beans.factory.xml.XmlBeanDefinitionReader.loadBeanDefinitions] - Loading XML bean definitions from file [D:\developent\IdeaProjects\Project66\maven_parent\ssm_service\target\classes\spring\applicationContext-service.xml]
2018-10-29 10:27:26.817 [main] INFO [org.springframework.beans.factory.xml.XmlBeanDefinitionReader.loadBeanDefinitions] - Loading XML bean definitions from URL [file:/D:/developent/IdeaProjects/Project66/maven_parent/ssm_service/target/classes/spring/applicationContext-dao.xml]
2018-10-29 10:27:26.821 [main] ERROR [org.springframework.test.context.TestContextManager.prepareTestInstance] - Caught exception while allowing TestExecutionListener [org.springframework.test.context.support.DependencyInjectionTestExecutionListener@6dc17b83] to prepare test instance [com.itheima.testService@5c90e579]
java.lang.IllegalStateException: Failed to load ApplicationContext
	at org.springframework.test.context.cache.DefaultCacheAwareContextLoaderDelegate.loadContext(DefaultCacheAwareContextLoaderDelegate.java:125) ~[spring-test-5.0.2.RELEASE.jar:5.0.2.RELEASE]
	at org.springframework.test.context.support.DefaultTestContext.getApplicationContext(DefaultTestContext.java:107) ~[spring-test-5.0.2.RELEASE.jar:5.0.2.RELEASE]
	at org.springframework.test.context.support.DependencyInjectionTestExecutionListener.injectDependencies(DependencyInjectionTestExecutionListener.java:117) ~[spring-test-5.0.2.RELEASE.jar:5.0.2.RELEASE]
	at org.springframework.test.context.support.DependencyInjectionTestExecutionListener.prepareTestInstance(DependencyInjectionTestExecutionListener.java:83) ~[spring-test-5.0.2.RELEASE.jar:5.0.2.RELEASE]
	at org.springframework.test.context.TestContextManager.prepareTestInstance(TestContextManager.java:242) [spring-test-5.0.2.RELEASE.jar:5.0.2.RELEASE]
	at org.springframework.test.context.junit4.SpringJUnit4ClassRunner.createTest(SpringJUnit4ClassRunner.java:227) [spring-test-5.0.2.RELEASE.jar:5.0.2.RELEASE]
	at org.springframework.test.context.junit4.SpringJUnit4ClassRunner$1.runReflectiveCall(SpringJUnit4ClassRunner.java:289) [spring-test-5.0.2.RELEASE.jar:5.0.2.RELEASE]
	at org.junit.internal.runners.model.ReflectiveCallable.run(ReflectiveCallable.java:12) [junit-4.12.jar:4.12]
	at org.springframework.test.context.junit4.SpringJUnit4ClassRunner.methodBlock(SpringJUnit4ClassRunner.java:291) [spring-test-5.0.2.RELEASE.jar:5.0.2.RELEASE]
	at org.springframework.test.context.junit4.SpringJUnit4ClassRunner.runChild(SpringJUnit4ClassRunner.java:246) [spring-test-5.0.2.RELEASE.jar:5.0.2.RELEASE]
	at org.springframework.test.context.junit4.SpringJUnit4ClassRunner.runChild(SpringJUnit4ClassRunner.java:97) [spring-test-5.0.2.RELEASE.jar:5.0.2.RELEASE]
	at org.junit.runners.ParentRunner$3.run(ParentRunner.java:290) [junit-4.12.jar:4.12]
	at org.junit.runners.ParentRunner$1.schedule(ParentRunner.java:71) [junit-4.12.jar:4.12]
	at org.junit.runners.ParentRunner.runChildren(ParentRunner.java:288) [junit-4.12.jar:4.12]
	at org.junit.runners.ParentRunner.access$000(ParentRunner.java:58) [junit-4.12.jar:4.12]
	at org.junit.runners.ParentRunner$2.evaluate(ParentRunner.java:268) [junit-4.12.jar:4.12]
	at org.springframework.test.context.junit4.statements.RunBeforeTestClassCallbacks.evaluate(RunBeforeTestClassCallbacks.java:61) [spring-test-5.0.2.RELEASE.jar:5.0.2.RELEASE]
	at org.springframework.test.context.junit4.statements.RunAfterTestClassCallbacks.evaluate(RunAfterTestClassCallbacks.java:70) [spring-test-5.0.2.RELEASE.jar:5.0.2.RELEASE]
	at org.junit.runners.ParentRunner.run(ParentRunner.java:363) [junit-4.12.jar:4.12]
	at org.springframework.test.context.junit4.SpringJUnit4ClassRunner.run(SpringJUnit4ClassRunner.java:190) [spring-test-5.0.2.RELEASE.jar:5.0.2.RELEASE]
	at org.junit.runner.JUnitCore.run(JUnitCore.java:137) [junit-4.12.jar:4.12]
	at com.intellij.junit4.JUnit4IdeaTestRunner.startRunnerWithArgs(JUnit4IdeaTestRunner.java:68) [junit-rt.jar:?]
	at com.intellij.rt.execution.junit.IdeaTestRunner$Repeater.startRunnerWithArgs(IdeaTestRunner.java:47) [junit-rt.jar:?]
	at com.intellij.rt.execution.junit.JUnitStarter.prepareStreamsAndStart(JUnitStarter.java:242) [junit-rt.jar:?]
	at com.intellij.rt.execution.junit.JUnitStarter.main(JUnitStarter.java:70) [junit-rt.jar:?]
Caused by: org.springframework.beans.factory.parsing.BeanDefinitionParsingException: Configuration problem: Failed to import bean definitions from relative location [applicationContext-dao.xml]
Offending resource: file [D:\developent\IdeaProjects\Project66\maven_parent\ssm_service\target\classes\spring\applicationContext-service.xml]; nested exception is org.springframework.beans.factory.BeanDefinitionStoreException: IOException parsing XML document from URL [file:/D:/developent/IdeaProjects/Project66/maven_parent/ssm_service/target/classes/spring/applicationContext-dao.xml]; nested exception is java.io.FileNotFoundException: D:\developent\IdeaProjects\Project66\maven_parent\ssm_service\target\classes\spring\applicationContext-dao.xml (系统找不到指定的文件。)
	at org.springframework.beans.factory.parsing.FailFastProblemReporter.error(FailFastProblemReporter.java:72) ~[spring-beans-5.0.2.RELEASE.jar:5.0.2.RELEASE]
	at org.springframework.beans.factory.parsing.ReaderContext.error(ReaderContext.java:119) ~[spring-beans-5.0.2.RELEASE.jar:5.0.2.RELEASE]
	at org.springframework.beans.factory.parsing.ReaderContext.error(ReaderContext.java:104) ~[spring-beans-5.0.2.RELEASE.jar:5.0.2.RELEASE]
	at org.springframework.beans.factory.xml.DefaultBeanDefinitionDocumentReader.importBeanDefinitionResource(DefaultBeanDefinitionDocumentReader.java:265) ~[spring-beans-5.0.2.RELEASE.jar:5.0.2.RELEASE]
	at org.springframework.beans.factory.xml.DefaultBeanDefinitionDocumentReader.parseDefaultElement(DefaultBeanDefinitionDocumentReader.java:190) ~[spring-beans-5.0.2.RELEASE.jar:5.0.2.RELEASE]
	at org.springframework.beans.factory.xml.DefaultBeanDefinitionDocumentReader.parseBeanDefinitions(DefaultBeanDefinitionDocumentReader.java:175) ~[spring-beans-5.0.2.RELEASE.jar:5.0.2.RELEASE]
	at org.springframework.beans.factory.xml.DefaultBeanDefinitionDocumentReader.doRegisterBeanDefinitions(DefaultBeanDefinitionDocumentReader.java:148) ~[spring-beans-5.0.2.RELEASE.jar:5.0.2.RELEASE]
	at org.springframework.beans.factory.xml.DefaultBeanDefinitionDocumentReader.registerBeanDefinitions(DefaultBeanDefinitionDocumentReader.java:98) ~[spring-beans-5.0.2.RELEASE.jar:5.0.2.RELEASE]
	at org.springframework.beans.factory.xml.XmlBeanDefinitionReader.registerBeanDefinitions(XmlBeanDefinitionReader.java:507) ~[spring-beans-5.0.2.RELEASE.jar:5.0.2.RELEASE]
	at org.springframework.beans.factory.xml.XmlBeanDefinitionReader.doLoadBeanDefinitions(XmlBeanDefinitionReader.java:391) ~[spring-beans-5.0.2.RELEASE.jar:5.0.2.RELEASE]
	at org.springframework.beans.factory.xml.XmlBeanDefinitionReader.loadBeanDefinitions(XmlBeanDefinitionReader.java:335) ~[spring-beans-5.0.2.RELEASE.jar:5.0.2.RELEASE]
	at org.springframework.beans.factory.xml.XmlBeanDefinitionReader.loadBeanDefinitions(XmlBeanDefinitionReader.java:303) ~[spring-beans-5.0.2.RELEASE.jar:5.0.2.RELEASE]
	at org.springframework.beans.factory.support.AbstractBeanDefinitionReader.loadBeanDefinitions(AbstractBeanDefinitionReader.java:187) ~[spring-beans-5.0.2.RELEASE.jar:5.0.2.RELEASE]
	at org.springframework.beans.factory.support.AbstractBeanDefinitionReader.loadBeanDefinitions(AbstractBeanDefinitionReader.java:223) ~[spring-beans-5.0.2.RELEASE.jar:5.0.2.RELEASE]
	at org.springframework.beans.factory.support.AbstractBeanDefinitionReader.loadBeanDefinitions(AbstractBeanDefinitionReader.java:194) ~[spring-beans-5.0.2.RELEASE.jar:5.0.2.RELEASE]
	at org.springframework.beans.factory.support.AbstractBeanDefinitionReader.loadBeanDefinitions(AbstractBeanDefinitionReader.java:258) ~[spring-beans-5.0.2.RELEASE.jar:5.0.2.RELEASE]
	at org.springframework.test.context.support.AbstractGenericContextLoader.loadBeanDefinitions(AbstractGenericContextLoader.java:257) ~[spring-test-5.0.2.RELEASE.jar:5.0.2.RELEASE]
	at org.springframework.test.context.support.AbstractGenericContextLoader.loadContext(AbstractGenericContextLoader.java:124) ~[spring-test-5.0.2.RELEASE.jar:5.0.2.RELEASE]
	at org.springframework.test.context.support.AbstractGenericContextLoader.loadContext(AbstractGenericContextLoader.java:60) ~[spring-test-5.0.2.RELEASE.jar:5.0.2.RELEASE]
	at org.springframework.test.context.support.AbstractDelegatingSmartContextLoader.delegateLoading(AbstractDelegatingSmartContextLoader.java:109) ~[spring-test-5.0.2.RELEASE.jar:5.0.2.RELEASE]
	at org.springframework.test.context.support.AbstractDelegatingSmartContextLoader.loadContext(AbstractDelegatingSmartContextLoader.java:246) ~[spring-test-5.0.2.RELEASE.jar:5.0.2.RELEASE]
	at org.springframework.test.context.cache.DefaultCacheAwareContextLoaderDelegate.loadContextInternal(DefaultCacheAwareContextLoaderDelegate.java:99) ~[spring-test-5.0.2.RELEASE.jar:5.0.2.RELEASE]
	at org.springframework.test.context.cache.DefaultCacheAwareContextLoaderDelegate.loadContext(DefaultCacheAwareContextLoaderDelegate.java:117) ~[spring-test-5.0.2.RELEASE.jar:5.0.2.RELEASE]
	... 24 more
Caused by: org.springframework.beans.factory.BeanDefinitionStoreException: IOException parsing XML document from URL [file:/D:/developent/IdeaProjects/Project66/maven_parent/ssm_service/target/classes/spring/applicationContext-dao.xml]; nested exception is java.io.FileNotFoundException: D:\developent\IdeaProjects\Project66\maven_parent\ssm_service\target\classes\spring\applicationContext-dao.xml (系统找不到指定的文件。)
	at org.springframework.beans.factory.xml.XmlBeanDefinitionReader.loadBeanDefinitions(XmlBeanDefinitionReader.java:343) ~[spring-beans-5.0.2.RELEASE.jar:5.0.2.RELEASE]
	at org.springframework.beans.factory.xml.XmlBeanDefinitionReader.loadBeanDefinitions(XmlBeanDefinitionReader.java:303) ~[spring-beans-5.0.2.RELEASE.jar:5.0.2.RELEASE]
	at org.springframework.beans.factory.support.AbstractBeanDefinitionReader.loadBeanDefinitions(AbstractBeanDefinitionReader.java:187) ~[spring-beans-5.0.2.RELEASE.jar:5.0.2.RELEASE]
	at org.springframework.beans.factory.support.AbstractBeanDefinitionReader.loadBeanDefinitions(AbstractBeanDefinitionReader.java:223) ~[spring-beans-5.0.2.RELEASE.jar:5.0.2.RELEASE]
	at org.springframework.beans.factory.xml.DefaultBeanDefinitionDocumentReader.importBeanDefinitionResource(DefaultBeanDefinitionDocumentReader.java:254) ~[spring-beans-5.0.2.RELEASE.jar:5.0.2.RELEASE]
	at org.springframework.beans.factory.xml.DefaultBeanDefinitionDocumentReader.parseDefaultElement(DefaultBeanDefinitionDocumentReader.java:190) ~[spring-beans-5.0.2.RELEASE.jar:5.0.2.RELEASE]
	at org.springframework.beans.factory.xml.DefaultBeanDefinitionDocumentReader.parseBeanDefinitions(DefaultBeanDefinitionDocumentReader.java:175) ~[spring-beans-5.0.2.RELEASE.jar:5.0.2.RELEASE]
	at org.springframework.beans.factory.xml.DefaultBeanDefinitionDocumentReader.doRegisterBeanDefinitions(DefaultBeanDefinitionDocumentReader.java:148) ~[spring-beans-5.0.2.RELEASE.jar:5.0.2.RELEASE]
	at org.springframework.beans.factory.xml.DefaultBeanDefinitionDocumentReader.registerBeanDefinitions(DefaultBeanDefinitionDocumentReader.java:98) ~[spring-beans-5.0.2.RELEASE.jar:5.0.2.RELEASE]
	at org.springframework.beans.factory.xml.XmlBeanDefinitionReader.registerBeanDefinitions(XmlBeanDefinitionReader.java:507) ~[spring-beans-5.0.2.RELEASE.jar:5.0.2.RELEASE]
	at org.springframework.beans.factory.xml.XmlBeanDefinitionReader.doLoadBeanDefinitions(XmlBeanDefinitionReader.java:391) ~[spring-beans-5.0.2.RELEASE.jar:5.0.2.RELEASE]
	at org.springframework.beans.factory.xml.XmlBeanDefinitionReader.loadBeanDefinitions(XmlBeanDefinitionReader.java:335) ~[spring-beans-5.0.2.RELEASE.jar:5.0.2.RELEASE]
	at org.springframework.beans.factory.xml.XmlBeanDefinitionReader.loadBeanDefinitions(XmlBeanDefinitionReader.java:303) ~[spring-beans-5.0.2.RELEASE.jar:5.0.2.RELEASE]
	at org.springframework.beans.factory.support.AbstractBeanDefinitionReader.loadBeanDefinitions(AbstractBeanDefinitionReader.java:187) ~[spring-beans-5.0.2.RELEASE.jar:5.0.2.RELEASE]
	at org.springframework.beans.factory.support.AbstractBeanDefinitionReader.loadBeanDefinitions(AbstractBeanDefinitionReader.java:223) ~[spring-beans-5.0.2.RELEASE.jar:5.0.2.RELEASE]
	at org.springframework.beans.factory.support.AbstractBeanDefinitionReader.loadBeanDefinitions(AbstractBeanDefinitionReader.java:194) ~[spring-beans-5.0.2.RELEASE.jar:5.0.2.RELEASE]
	at org.springframework.beans.factory.support.AbstractBeanDefinitionReader.loadBeanDefinitions(AbstractBeanDefinitionReader.java:258) ~[spring-beans-5.0.2.RELEASE.jar:5.0.2.RELEASE]
	at org.springframework.test.context.support.AbstractGenericContextLoader.loadBeanDefinitions(AbstractGenericContextLoader.java:257) ~[spring-test-5.0.2.RELEASE.jar:5.0.2.RELEASE]
	at org.springframework.test.context.support.AbstractGenericContextLoader.loadContext(AbstractGenericContextLoader.java:124) ~[spring-test-5.0.2.RELEASE.jar:5.0.2.RELEASE]
	at org.springframework.test.context.support.AbstractGenericContextLoader.loadContext(AbstractGenericContextLoader.java:60) ~[spring-test-5.0.2.RELEASE.jar:5.0.2.RELEASE]
	at org.springframework.test.context.support.AbstractDelegatingSmartContextLoader.delegateLoading(AbstractDelegatingSmartContextLoader.java:109) ~[spring-test-5.0.2.RELEASE.jar:5.0.2.RELEASE]
	at org.springframework.test.context.support.AbstractDelegatingSmartContextLoader.loadContext(AbstractDelegatingSmartContextLoader.java:246) ~[spring-test-5.0.2.RELEASE.jar:5.0.2.RELEASE]
	at org.springframework.test.context.cache.DefaultCacheAwareContextLoaderDelegate.loadContextInternal(DefaultCacheAwareContextLoaderDelegate.java:99) ~[spring-test-5.0.2.RELEASE.jar:5.0.2.RELEASE]
	at org.springframework.test.context.cache.DefaultCacheAwareContextLoaderDelegate.loadContext(DefaultCacheAwareContextLoaderDelegate.java:117) ~[spring-test-5.0.2.RELEASE.jar:5.0.2.RELEASE]
	... 24 more
Caused by: java.io.FileNotFoundException: D:\developent\IdeaProjects\Project66\maven_parent\ssm_service\target\classes\spring\applicationContext-dao.xml (系统找不到指定的文件。)
	at java.io.FileInputStream.open0(Native Method) ~[?:1.8.0_162]
	at java.io.FileInputStream.open(FileInputStream.java:195) ~[?:1.8.0_162]
	at java.io.FileInputStream.<init>(FileInputStream.java:138) ~[?:1.8.0_162]
	at java.io.FileInputStream.<init>(FileInputStream.java:93) ~[?:1.8.0_162]
	at sun.net.www.protocol.file.FileURLConnection.connect(FileURLConnection.java:90) ~[?:1.8.0_162]
	at sun.net.www.protocol.file.FileURLConnection.getInputStream(FileURLConnection.java:188) ~[?:1.8.0_162]
	at org.springframework.core.io.UrlResource.getInputStream(UrlResource.java:171) ~[spring-core-5.0.2.RELEASE.jar:5.0.2.RELEASE]
	at org.springframework.beans.factory.xml.XmlBeanDefinitionReader.loadBeanDefinitions(XmlBeanDefinitionReader.java:329) ~[spring-beans-5.0.2.RELEASE.jar:5.0.2.RELEASE]
	at org.springframework.beans.factory.xml.XmlBeanDefinitionReader.loadBeanDefinitions(XmlBeanDefinitionReader.java:303) ~[spring-beans-5.0.2.RELEASE.jar:5.0.2.RELEASE]
	at org.springframework.beans.factory.support.AbstractBeanDefinitionReader.loadBeanDefinitions(AbstractBeanDefinitionReader.java:187) ~[spring-beans-5.0.2.RELEASE.jar:5.0.2.RELEASE]
	at org.springframework.beans.factory.support.AbstractBeanDefinitionReader.loadBeanDefinitions(AbstractBeanDefinitionReader.java:223) ~[spring-beans-5.0.2.RELEASE.jar:5.0.2.RELEASE]
	at org.springframework.beans.factory.xml.DefaultBeanDefinitionDocumentReader.importBeanDefinitionResource(DefaultBeanDefinitionDocumentReader.java:254) ~[spring-beans-5.0.2.RELEASE.jar:5.0.2.RELEASE]
	at org.springframework.beans.factory.xml.DefaultBeanDefinitionDocumentReader.parseDefaultElement(DefaultBeanDefinitionDocumentReader.java:190) ~[spring-beans-5.0.2.RELEASE.jar:5.0.2.RELEASE]
	at org.springframework.beans.factory.xml.DefaultBeanDefinitionDocumentReader.parseBeanDefinitions(DefaultBeanDefinitionDocumentReader.java:175) ~[spring-beans-5.0.2.RELEASE.jar:5.0.2.RELEASE]
	at org.springframework.beans.factory.xml.DefaultBeanDefinitionDocumentReader.doRegisterBeanDefinitions(DefaultBeanDefinitionDocumentReader.java:148) ~[spring-beans-5.0.2.RELEASE.jar:5.0.2.RELEASE]
	at org.springframework.beans.factory.xml.DefaultBeanDefinitionDocumentReader.registerBeanDefinitions(DefaultBeanDefinitionDocumentReader.java:98) ~[spring-beans-5.0.2.RELEASE.jar:5.0.2.RELEASE]
	at org.springframework.beans.factory.xml.XmlBeanDefinitionReader.registerBeanDefinitions(XmlBeanDefinitionReader.java:507) ~[spring-beans-5.0.2.RELEASE.jar:5.0.2.RELEASE]
	at org.springframework.beans.factory.xml.XmlBeanDefinitionReader.doLoadBeanDefinitions(XmlBeanDefinitionReader.java:391) ~[spring-beans-5.0.2.RELEASE.jar:5.0.2.RELEASE]
	at org.springframework.beans.factory.xml.XmlBeanDefinitionReader.loadBeanDefinitions(XmlBeanDefinitionReader.java:335) ~[spring-beans-5.0.2.RELEASE.jar:5.0.2.RELEASE]
	at org.springframework.beans.factory.xml.XmlBeanDefinitionReader.loadBeanDefinitions(XmlBeanDefinitionReader.java:303) ~[spring-beans-5.0.2.RELEASE.jar:5.0.2.RELEASE]
	at org.springframework.beans.factory.support.AbstractBeanDefinitionReader.loadBeanDefinitions(AbstractBeanDefinitionReader.java:187) ~[spring-beans-5.0.2.RELEASE.jar:5.0.2.RELEASE]
	at org.springframework.beans.factory.support.AbstractBeanDefinitionReader.loadBeanDefinitions(AbstractBeanDefinitionReader.java:223) ~[spring-beans-5.0.2.RELEASE.jar:5.0.2.RELEASE]
	at org.springframework.beans.factory.support.AbstractBeanDefinitionReader.loadBeanDefinitions(AbstractBeanDefinitionReader.java:194) ~[spring-beans-5.0.2.RELEASE.jar:5.0.2.RELEASE]
	at org.springframework.beans.factory.support.AbstractBeanDefinitionReader.loadBeanDefinitions(AbstractBeanDefinitionReader.java:258) ~[spring-beans-5.0.2.RELEASE.jar:5.0.2.RELEASE]
	at org.springframework.test.context.support.AbstractGenericContextLoader.loadBeanDefinitions(AbstractGenericContextLoader.java:257) ~[spring-test-5.0.2.RELEASE.jar:5.0.2.RELEASE]
	at org.springframework.test.context.support.AbstractGenericContextLoader.loadContext(AbstractGenericContextLoader.java:124) ~[spring-test-5.0.2.RELEASE.jar:5.0.2.RELEASE]
	at org.springframework.test.context.support.AbstractGenericContextLoader.loadContext(AbstractGenericContextLoader.java:60) ~[spring-test-5.0.2.RELEASE.jar:5.0.2.RELEASE]
	at org.springframework.test.context.support.AbstractDelegatingSmartContextLoader.delegateLoading(AbstractDelegatingSmartContextLoader.java:109) ~[spring-test-5.0.2.RELEASE.jar:5.0.2.RELEASE]
	at org.springframework.test.context.support.AbstractDelegatingSmartContextLoader.loadContext(AbstractDelegatingSmartContextLoader.java:246) ~[spring-test-5.0.2.RELEASE.jar:5.0.2.RELEASE]
	at org.springframework.test.context.cache.DefaultCacheAwareContextLoaderDelegate.loadContextInternal(DefaultCacheAwareContextLoaderDelegate.java:99) ~[spring-test-5.0.2.RELEASE.jar:5.0.2.RELEASE]
	at org.springframework.test.context.cache.DefaultCacheAwareContextLoaderDelegate.loadContext(DefaultCacheAwareContextLoaderDelegate.java:117) ~[spring-test-5.0.2.RELEASE.jar:5.0.2.RELEASE]
	... 24 more
2018-10-29 10:30:10.936 [main] INFO [org.springframework.test.context.support.AbstractTestContextBootstrapper.getDefaultTestExecutionListenerClassNames] - Loaded default TestExecutionListener class names from location [META-INF/spring.factories]: [org.springframework.test.context.web.ServletTestExecutionListener, org.springframework.test.context.support.DirtiesContextBeforeModesTestExecutionListener, org.springframework.test.context.support.DependencyInjectionTestExecutionListener, org.springframework.test.context.support.DirtiesContextTestExecutionListener, org.springframework.test.context.transaction.TransactionalTestExecutionListener, org.springframework.test.context.jdbc.SqlScriptsTestExecutionListener]
2018-10-29 10:30:10.960 [main] INFO [org.springframework.test.context.support.AbstractTestContextBootstrapper.getTestExecutionListeners] - Using TestExecutionListeners: [org.springframework.test.context.web.ServletTestExecutionListener@15ff3e9e, org.springframework.test.context.support.DirtiesContextBeforeModesTestExecutionListener@5fdcaa40, org.springframework.test.context.support.DependencyInjectionTestExecutionListener@6dc17b83, org.springframework.test.context.support.DirtiesContextTestExecutionListener@5e0826e7, org.springframework.test.context.transaction.TransactionalTestExecutionListener@32eff876, org.springframework.test.context.jdbc.SqlScriptsTestExecutionListener@8dbdac1]
2018-10-29 10:30:11.054 [main] INFO [org.springframework.beans.factory.xml.XmlBeanDefinitionReader.loadBeanDefinitions] - Loading XML bean definitions from file [D:\developent\IdeaProjects\Project66\maven_parent\ssm_service\target\classes\spring\applicationContext-service.xml]
2018-10-29 10:30:11.588 [main] INFO [org.springframework.beans.factory.xml.XmlBeanDefinitionReader.loadBeanDefinitions] - Loading XML bean definitions from file [D:\developent\IdeaProjects\Project66\maven_parent\ssm_dao\target\classes\spring\applicationContext-dao.xml]
2018-10-29 10:30:11.674 [main] INFO [org.springframework.context.support.AbstractApplicationContext.prepareRefresh] - Refreshing org.springframework.context.support.GenericApplicationContext@409bf450: startup date [Mon Oct 29 10:30:11 CST 2018]; root of context hierarchy
2018-10-29 10:30:13.264 [main] DEBUG [org.springframework.jdbc.datasource.DataSourceUtils.doGetConnection] - Fetching JDBC Connection from DataSource
2018-10-29 10:30:13.834 [main] DEBUG [org.springframework.jdbc.datasource.DataSourceUtils.doGetConnection] - Registering transaction synchronization for JDBC Connection
2018-10-29 10:30:13.842 [main] DEBUG [org.apache.ibatis.logging.jdbc.BaseJdbcLogger.debug] - ==>  Preparing: select * from sys_user where id =? 
2018-10-29 10:30:14.023 [main] DEBUG [org.apache.ibatis.logging.jdbc.BaseJdbcLogger.debug] - ==> Parameters: 2(Integer)
2018-10-29 10:30:14.120 [main] DEBUG [org.apache.ibatis.logging.jdbc.BaseJdbcLogger.debug] - <==      Total: 1
2018-10-29 10:30:14.151 [main] DEBUG [org.springframework.jdbc.datasource.DataSourceUtils.doReleaseConnection] - Returning JDBC Connection to DataSource
2018-10-29 10:30:14.156 [Thread-1] INFO [org.springframework.context.support.AbstractApplicationContext.doClose] - Closing org.springframework.context.support.GenericApplicationContext@409bf450: startup date [Mon Oct 29 10:30:11 CST 2018]; root of context hierarchy
